2017-07-10 10:01:13,023  INFO [main] ---------------------------------------------------------
2017-07-10 10:01:13,025  INFO [main] 
2017-07-10 10:01:13,023  INFO [main] ---------------------------------------------------------
2017-07-10 10:01:13,026  INFO [main] * 10/07/2017 10:01:13 EXECUTANDO => testAcessarMenusLateralEsq
2017-07-10 10:01:13,025  INFO [main] 
2017-07-10 10:01:13,026  INFO [main] 
2017-07-10 10:01:13,026  INFO [main] * 10/07/2017 10:01:13 EXECUTANDO => testAcessarMenusLateralEsq
2017-07-10 10:01:13,026  INFO [main] ---------------------------------------------------------
2017-07-10 10:01:13,026  INFO [main] 
2017-07-10 10:01:13,026  INFO [main] ---------------------------------------------------------
2017-07-10 10:02:26,124  INFO [main] ---------------------------------------------------------
2017-07-10 10:02:26,124  INFO [main] 
2017-07-10 10:02:26,124  INFO [main] * 10/07/2017 10:02:26 EXECUTANDO => testAcessarMenusLateralEsqGestor
2017-07-10 10:02:26,124  INFO [main] 
2017-07-10 10:02:26,124  INFO [main] ---------------------------------------------------------
2017-07-10 10:02:26,124  INFO [main] ---------------------------------------------------------
2017-07-10 10:02:26,124  INFO [main] 
2017-07-10 10:02:26,124  INFO [main] * 10/07/2017 10:02:26 EXECUTANDO => testAcessarMenusLateralEsqGestor
2017-07-10 10:02:26,124  INFO [main] 
2017-07-10 10:02:26,124  INFO [main] ---------------------------------------------------------
2017-07-10 10:02:29,123  INFO [main] TST - Abrindo a tela inicial
2017-07-10 10:02:29,123  INFO [main] TST - Abrindo a tela inicial
2017-07-10 10:02:29,502  INFO [main] Screenshot: D:\Teste_Ambiente\integration-test\Evidencias\testAcessarMenusLateralEsqGestor\screenshot-2017.07.10-100229.png
2017-07-10 10:02:29,502  INFO [main] Screenshot: D:\Teste_Ambiente\integration-test\Evidencias\testAcessarMenusLateralEsqGestor\screenshot-2017.07.10-100229.png
2017-07-10 10:02:30,012  INFO [main] TST - Preenchendo estado
2017-07-10 10:02:30,012  INFO [main] TST - Preenchendo estado
2017-07-10 10:02:32,428  INFO [main] ERRO ====> org.openqa.selenium.NoSuchElementException: no such element: Unable to locate element: {"method":"id","selector":"campoRegional"}
  (Session info: chrome=59.0.3071.115)
  (Driver info: chromedriver=2.29.461591 (62ebf098771772160f391d75e589dc567915b233),platform=Windows NT 6.1.7601 SP1 x86_64) (WARNING: The server did not provide any stacktrace information)
Command duration or timeout: 2.35 seconds
For documentation on this error, please visit: http://seleniumhq.org/exceptions/no_such_element.html
Build info: version: '2.47.1', revision: '411b314', time: '2015-07-30 02:56:46'
System info: host: 'MW7J82AUMFVA03', ip: '192.168.56.1', os.name: 'Windows 7', os.arch: 'amd64', os.version: '6.1', java.version: '1.8.0_111'
Driver info: org.openqa.selenium.chrome.ChromeDriver
Capabilities [{applicationCacheEnabled=false, rotatable=false, mobileEmulationEnabled=false, networkConnectionEnabled=false, chrome={chromedriverVersion=2.29.461591 (62ebf098771772160f391d75e589dc567915b233), userDataDir=C:\Users\SARATA~1.DUT\AppData\Local\Temp\scoped_dir8440_3308}, takesHeapSnapshot=true, pageLoadStrategy=normal, databaseEnabled=false, handlesAlerts=true, hasTouchScreen=false, version=59.0.3071.115, platform=XP, browserConnectionEnabled=false, nativeEvents=true, acceptSslCerts=true, locationContextEnabled=true, webStorageEnabled=true, browserName=chrome, takesScreenshot=true, javascriptEnabled=true, cssSelectorsEnabled=true, unexpectedAlertBehaviour=}]
Session ID: 6a08268da8b4f192ccbae651993971cf
*** Element info: {Using=id, value=campoRegional}
2017-07-10 10:02:32,429  INFO [main] TST -Preenchendo Login (CNPJ)
2017-07-10 10:02:32,428  INFO [main] ERRO ====> org.openqa.selenium.NoSuchElementException: no such element: Unable to locate element: {"method":"id","selector":"campoRegional"}
  (Session info: chrome=59.0.3071.115)
  (Driver info: chromedriver=2.29.461591 (62ebf098771772160f391d75e589dc567915b233),platform=Windows NT 6.1.7601 SP1 x86_64) (WARNING: The server did not provide any stacktrace information)
Command duration or timeout: 2.35 seconds
For documentation on this error, please visit: http://seleniumhq.org/exceptions/no_such_element.html
Build info: version: '2.47.1', revision: '411b314', time: '2015-07-30 02:56:46'
System info: host: 'MW7J82AUMFVA03', ip: '192.168.56.1', os.name: 'Windows 7', os.arch: 'amd64', os.version: '6.1', java.version: '1.8.0_111'
Driver info: org.openqa.selenium.chrome.ChromeDriver
Capabilities [{applicationCacheEnabled=false, rotatable=false, mobileEmulationEnabled=false, networkConnectionEnabled=false, chrome={chromedriverVersion=2.29.461591 (62ebf098771772160f391d75e589dc567915b233), userDataDir=C:\Users\SARATA~1.DUT\AppData\Local\Temp\scoped_dir8440_3308}, takesHeapSnapshot=true, pageLoadStrategy=normal, databaseEnabled=false, handlesAlerts=true, hasTouchScreen=false, version=59.0.3071.115, platform=XP, browserConnectionEnabled=false, nativeEvents=true, acceptSslCerts=true, locationContextEnabled=true, webStorageEnabled=true, browserName=chrome, takesScreenshot=true, javascriptEnabled=true, cssSelectorsEnabled=true, unexpectedAlertBehaviour=}]
Session ID: 6a08268da8b4f192ccbae651993971cf
*** Element info: {Using=id, value=campoRegional}
2017-07-10 10:02:32,429  INFO [main] TST -Preenchendo Login (CNPJ)
2017-07-10 10:02:34,709  INFO [main] ---------------------------------------------------------
2017-07-10 10:02:34,709  INFO [main] 
2017-07-10 10:02:34,710  INFO [main] * 10/07/2017 10:02:34 EXECUTANDO => testAcessarMenusLateralEsq
2017-07-10 10:02:34,710  INFO [main] 
2017-07-10 10:02:34,710  INFO [main] ---------------------------------------------------------
2017-07-10 10:02:34,709  INFO [main] ---------------------------------------------------------
2017-07-10 10:02:34,709  INFO [main] 
2017-07-10 10:02:34,710  INFO [main] * 10/07/2017 10:02:34 EXECUTANDO => testAcessarMenusLateralEsq
2017-07-10 10:02:34,710  INFO [main] 
2017-07-10 10:02:34,710  INFO [main] ---------------------------------------------------------
2017-07-10 10:02:37,632  INFO [main] TST - Abrindo a tela inicial
2017-07-10 10:02:37,632  INFO [main] TST - Abrindo a tela inicial
2017-07-10 10:02:38,679  INFO [main] Screenshot: D:\Teste_Ambiente\integration-test\Evidencias\testAcessarMenusLateralEsq\screenshot-2017.07.10-100238.png
2017-07-10 10:02:38,679  INFO [main] Screenshot: D:\Teste_Ambiente\integration-test\Evidencias\testAcessarMenusLateralEsq\screenshot-2017.07.10-100238.png
2017-07-10 10:02:38,699 ERROR [main] Erro ao salvar o screenshot.
org.openqa.selenium.NoSuchWindowException: no such window: target window already closed
from unknown error: web view not found
  (Session info: chrome=59.0.3071.115)
  (Driver info: chromedriver=2.29.461591 (62ebf098771772160f391d75e589dc567915b233),platform=Windows NT 6.1.7601 SP1 x86_64) (WARNING: The server did not provide any stacktrace information)
Command duration or timeout: 16 milliseconds
Build info: version: '2.47.1', revision: '411b314', time: '2015-07-30 02:56:46'
System info: host: 'MW7J82AUMFVA03', ip: '192.168.56.1', os.name: 'Windows 7', os.arch: 'amd64', os.version: '6.1', java.version: '1.8.0_111'
Driver info: org.openqa.selenium.chrome.ChromeDriver
Capabilities [{applicationCacheEnabled=false, rotatable=false, mobileEmulationEnabled=false, networkConnectionEnabled=false, chrome={chromedriverVersion=2.29.461591 (62ebf098771772160f391d75e589dc567915b233), userDataDir=C:\Users\SARATA~1.DUT\AppData\Local\Temp\scoped_dir11036_22363}, takesHeapSnapshot=true, pageLoadStrategy=normal, databaseEnabled=false, handlesAlerts=true, hasTouchScreen=false, version=59.0.3071.115, platform=XP, browserConnectionEnabled=false, nativeEvents=true, acceptSslCerts=true, locationContextEnabled=true, webStorageEnabled=true, browserName=chrome, takesScreenshot=true, javascriptEnabled=true, cssSelectorsEnabled=true, unexpectedAlertBehaviour=}]
Session ID: c17b78bcba2fe61a26bc98712de99c90
	at sun.reflect.NativeConstructorAccessorImpl.newInstance0(Native Method)
	at sun.reflect.NativeConstructorAccessorImpl.newInstance(NativeConstructorAccessorImpl.java:62)
	at sun.reflect.DelegatingConstructorAccessorImpl.newInstance(DelegatingConstructorAccessorImpl.java:45)
	at java.lang.reflect.Constructor.newInstance(Constructor.java:423)
	at org.openqa.selenium.remote.ErrorHandler.createThrowable(ErrorHandler.java:206)
	at org.openqa.selenium.remote.ErrorHandler.throwIfResponseFailed(ErrorHandler.java:158)
	at org.openqa.selenium.remote.RemoteWebDriver.execute(RemoteWebDriver.java:595)
	at org.openqa.selenium.remote.RemoteWebDriver.execute(RemoteWebDriver.java:618)
	at org.openqa.selenium.remote.RemoteWebDriver.getScreenshotAs(RemoteWebDriver.java:320)
	at vivo.base.ScreenshotHandler.takeScreenshot(ScreenshotHandler.java:50)
	at vivo.base.ScreenshotHandler.takeScreenshot(ScreenshotHandler.java:38)
	at vivo.test.login.LoginPj.testAcessarMenusLateralEsq(LoginPj.java:74)
	at sun.reflect.NativeMethodAccessorImpl.invoke0(Native Method)
	at sun.reflect.NativeMethodAccessorImpl.invoke(NativeMethodAccessorImpl.java:62)
	at sun.reflect.DelegatingMethodAccessorImpl.invoke(DelegatingMethodAccessorImpl.java:43)
	at java.lang.reflect.Method.invoke(Method.java:498)
	at org.junit.runners.model.FrameworkMethod$1.runReflectiveCall(FrameworkMethod.java:50)
	at org.junit.internal.runners.model.ReflectiveCallable.run(ReflectiveCallable.java:12)
	at org.junit.runners.model.FrameworkMethod.invokeExplosively(FrameworkMethod.java:47)
	at org.junit.internal.runners.statements.InvokeMethod.evaluate(InvokeMethod.java:17)
	at org.junit.internal.runners.statements.RunBefores.evaluate(RunBefores.java:26)
	at org.junit.internal.runners.statements.RunAfters.evaluate(RunAfters.java:27)
	at org.junit.runners.ParentRunner.runLeaf(ParentRunner.java:325)
	at org.junit.runners.BlockJUnit4ClassRunner.runChild(BlockJUnit4ClassRunner.java:78)
	at org.junit.runners.BlockJUnit4ClassRunner.runChild(BlockJUnit4ClassRunner.java:57)
	at org.junit.runners.ParentRunner$3.run(ParentRunner.java:290)
	at org.junit.runners.ParentRunner$1.schedule(ParentRunner.java:71)
	at org.junit.runners.ParentRunner.runChildren(ParentRunner.java:288)
	at org.junit.runners.ParentRunner.access$000(ParentRunner.java:58)
	at org.junit.runners.ParentRunner$2.evaluate(ParentRunner.java:268)
	at org.junit.internal.runners.statements.RunBefores.evaluate(RunBefores.java:26)
	at org.junit.internal.runners.statements.RunAfters.evaluate(RunAfters.java:27)
	at org.junit.runners.ParentRunner.run(ParentRunner.java:363)
	at org.junit.runners.Suite.runChild(Suite.java:128)
	at org.junit.runners.Suite.runChild(Suite.java:27)
	at org.junit.runners.ParentRunner$3.run(ParentRunner.java:290)
	at org.junit.runners.ParentRunner$1.schedule(ParentRunner.java:71)
	at org.junit.runners.ParentRunner.runChildren(ParentRunner.java:288)
	at org.junit.runners.ParentRunner.access$000(ParentRunner.java:58)
	at org.junit.runners.ParentRunner$2.evaluate(ParentRunner.java:268)
	at org.junit.runners.ParentRunner.run(ParentRunner.java:363)
	at org.eclipse.jdt.internal.junit4.runner.JUnit4TestReference.run(JUnit4TestReference.java:86)
	at org.eclipse.jdt.internal.junit.runner.TestExecution.run(TestExecution.java:38)
	at org.eclipse.jdt.internal.junit.runner.RemoteTestRunner.runTests(RemoteTestRunner.java:459)
	at org.eclipse.jdt.internal.junit.runner.RemoteTestRunner.runTests(RemoteTestRunner.java:678)
	at org.eclipse.jdt.internal.junit.runner.RemoteTestRunner.run(RemoteTestRunner.java:382)
	at org.eclipse.jdt.internal.junit.runner.RemoteTestRunner.main(RemoteTestRunner.java:192)
2017-07-10 10:02:38,708  INFO [main] TST - Preenchendo estado
2017-07-10 10:02:38,699 ERROR [main] Erro ao salvar o screenshot.
org.openqa.selenium.NoSuchWindowException: no such window: target window already closed
from unknown error: web view not found
  (Session info: chrome=59.0.3071.115)
  (Driver info: chromedriver=2.29.461591 (62ebf098771772160f391d75e589dc567915b233),platform=Windows NT 6.1.7601 SP1 x86_64) (WARNING: The server did not provide any stacktrace information)
Command duration or timeout: 16 milliseconds
Build info: version: '2.47.1', revision: '411b314', time: '2015-07-30 02:56:46'
System info: host: 'MW7J82AUMFVA03', ip: '192.168.56.1', os.name: 'Windows 7', os.arch: 'amd64', os.version: '6.1', java.version: '1.8.0_111'
Driver info: org.openqa.selenium.chrome.ChromeDriver
Capabilities [{applicationCacheEnabled=false, rotatable=false, mobileEmulationEnabled=false, networkConnectionEnabled=false, chrome={chromedriverVersion=2.29.461591 (62ebf098771772160f391d75e589dc567915b233), userDataDir=C:\Users\SARATA~1.DUT\AppData\Local\Temp\scoped_dir11036_22363}, takesHeapSnapshot=true, pageLoadStrategy=normal, databaseEnabled=false, handlesAlerts=true, hasTouchScreen=false, version=59.0.3071.115, platform=XP, browserConnectionEnabled=false, nativeEvents=true, acceptSslCerts=true, locationContextEnabled=true, webStorageEnabled=true, browserName=chrome, takesScreenshot=true, javascriptEnabled=true, cssSelectorsEnabled=true, unexpectedAlertBehaviour=}]
Session ID: c17b78bcba2fe61a26bc98712de99c90
	at sun.reflect.NativeConstructorAccessorImpl.newInstance0(Native Method)
	at sun.reflect.NativeConstructorAccessorImpl.newInstance(NativeConstructorAccessorImpl.java:62)
	at sun.reflect.DelegatingConstructorAccessorImpl.newInstance(DelegatingConstructorAccessorImpl.java:45)
	at java.lang.reflect.Constructor.newInstance(Constructor.java:423)
	at org.openqa.selenium.remote.ErrorHandler.createThrowable(ErrorHandler.java:206)
	at org.openqa.selenium.remote.ErrorHandler.throwIfResponseFailed(ErrorHandler.java:158)
	at org.openqa.selenium.remote.RemoteWebDriver.execute(RemoteWebDriver.java:595)
	at org.openqa.selenium.remote.RemoteWebDriver.execute(RemoteWebDriver.java:618)
	at org.openqa.selenium.remote.RemoteWebDriver.getScreenshotAs(RemoteWebDriver.java:320)
	at vivo.base.ScreenshotHandler.takeScreenshot(ScreenshotHandler.java:50)
	at vivo.base.ScreenshotHandler.takeScreenshot(ScreenshotHandler.java:38)
	at vivo.test.login.LoginPj.testAcessarMenusLateralEsq(LoginPj.java:74)
	at sun.reflect.NativeMethodAccessorImpl.invoke0(Native Method)
	at sun.reflect.NativeMethodAccessorImpl.invoke(NativeMethodAccessorImpl.java:62)
	at sun.reflect.DelegatingMethodAccessorImpl.invoke(DelegatingMethodAccessorImpl.java:43)
	at java.lang.reflect.Method.invoke(Method.java:498)
	at org.junit.runners.model.FrameworkMethod$1.runReflectiveCall(FrameworkMethod.java:50)
	at org.junit.internal.runners.model.ReflectiveCallable.run(ReflectiveCallable.java:12)
	at org.junit.runners.model.FrameworkMethod.invokeExplosively(FrameworkMethod.java:47)
	at org.junit.internal.runners.statements.InvokeMethod.evaluate(InvokeMethod.java:17)
	at org.junit.internal.runners.statements.RunBefores.evaluate(RunBefores.java:26)
	at org.junit.internal.runners.statements.RunAfters.evaluate(RunAfters.java:27)
	at org.junit.runners.ParentRunner.runLeaf(ParentRunner.java:325)
	at org.junit.runners.BlockJUnit4ClassRunner.runChild(BlockJUnit4ClassRunner.java:78)
	at org.junit.runners.BlockJUnit4ClassRunner.runChild(BlockJUnit4ClassRunner.java:57)
	at org.junit.runners.ParentRunner$3.run(ParentRunner.java:290)
	at org.junit.runners.ParentRunner$1.schedule(ParentRunner.java:71)
	at org.junit.runners.ParentRunner.runChildren(ParentRunner.java:288)
	at org.junit.runners.ParentRunner.access$000(ParentRunner.java:58)
	at org.junit.runners.ParentRunner$2.evaluate(ParentRunner.java:268)
	at org.junit.internal.runners.statements.RunBefores.evaluate(RunBefores.java:26)
	at org.junit.internal.runners.statements.RunAfters.evaluate(RunAfters.java:27)
	at org.junit.runners.ParentRunner.run(ParentRunner.java:363)
	at org.junit.runners.Suite.runChild(Suite.java:128)
	at org.junit.runners.Suite.runChild(Suite.java:27)
	at org.junit.runners.ParentRunner$3.run(ParentRunner.java:290)
	at org.junit.runners.ParentRunner$1.schedule(ParentRunner.java:71)
	at org.junit.runners.ParentRunner.runChildren(ParentRunner.java:288)
	at org.junit.runners.ParentRunner.access$000(ParentRunner.java:58)
	at org.junit.runners.ParentRunner$2.evaluate(ParentRunner.java:268)
	at org.junit.runners.ParentRunner.run(ParentRunner.java:363)
	at org.eclipse.jdt.internal.junit4.runner.JUnit4TestReference.run(JUnit4TestReference.java:86)
	at org.eclipse.jdt.internal.junit.runner.TestExecution.run(TestExecution.java:38)
	at org.eclipse.jdt.internal.junit.runner.RemoteTestRunner.runTests(RemoteTestRunner.java:459)
	at org.eclipse.jdt.internal.junit.runner.RemoteTestRunner.runTests(RemoteTestRunner.java:678)
	at org.eclipse.jdt.internal.junit.runner.RemoteTestRunner.run(RemoteTestRunner.java:382)
	at org.eclipse.jdt.internal.junit.runner.RemoteTestRunner.main(RemoteTestRunner.java:192)
2017-07-10 10:02:38,708  INFO [main] TST - Preenchendo estado
2017-07-10 10:02:38,949  INFO [main] ERRO ========> org.openqa.selenium.NoSuchWindowException: no such window: target window already closed
from unknown error: web view not found
  (Session info: chrome=59.0.3071.115)
  (Driver info: chromedriver=2.29.461591 (62ebf098771772160f391d75e589dc567915b233),platform=Windows NT 6.1.7601 SP1 x86_64) (WARNING: The server did not provide any stacktrace information)
Command duration or timeout: 241 milliseconds
Build info: version: '2.47.1', revision: '411b314', time: '2015-07-30 02:56:46'
System info: host: 'MW7J82AUMFVA03', ip: '192.168.56.1', os.name: 'Windows 7', os.arch: 'amd64', os.version: '6.1', java.version: '1.8.0_111'
Driver info: org.openqa.selenium.chrome.ChromeDriver
Capabilities [{applicationCacheEnabled=false, rotatable=false, mobileEmulationEnabled=false, networkConnectionEnabled=false, chrome={chromedriverVersion=2.29.461591 (62ebf098771772160f391d75e589dc567915b233), userDataDir=C:\Users\SARATA~1.DUT\AppData\Local\Temp\scoped_dir11036_22363}, takesHeapSnapshot=true, pageLoadStrategy=normal, databaseEnabled=false, handlesAlerts=true, hasTouchScreen=false, version=59.0.3071.115, platform=XP, browserConnectionEnabled=false, nativeEvents=true, acceptSslCerts=true, locationContextEnabled=true, webStorageEnabled=true, browserName=chrome, takesScreenshot=true, javascriptEnabled=true, cssSelectorsEnabled=true, unexpectedAlertBehaviour=}]
Session ID: c17b78bcba2fe61a26bc98712de99c90
*** Element info: {Using=id, value=campoRegional}
2017-07-10 10:02:38,949  INFO [main] TST -Preenchendo Login (CNPJ)
2017-07-10 10:02:38,949  INFO [main] ERRO ========> org.openqa.selenium.NoSuchWindowException: no such window: target window already closed
from unknown error: web view not found
  (Session info: chrome=59.0.3071.115)
  (Driver info: chromedriver=2.29.461591 (62ebf098771772160f391d75e589dc567915b233),platform=Windows NT 6.1.7601 SP1 x86_64) (WARNING: The server did not provide any stacktrace information)
Command duration or timeout: 241 milliseconds
Build info: version: '2.47.1', revision: '411b314', time: '2015-07-30 02:56:46'
System info: host: 'MW7J82AUMFVA03', ip: '192.168.56.1', os.name: 'Windows 7', os.arch: 'amd64', os.version: '6.1', java.version: '1.8.0_111'
Driver info: org.openqa.selenium.chrome.ChromeDriver
Capabilities [{applicationCacheEnabled=false, rotatable=false, mobileEmulationEnabled=false, networkConnectionEnabled=false, chrome={chromedriverVersion=2.29.461591 (62ebf098771772160f391d75e589dc567915b233), userDataDir=C:\Users\SARATA~1.DUT\AppData\Local\Temp\scoped_dir11036_22363}, takesHeapSnapshot=true, pageLoadStrategy=normal, databaseEnabled=false, handlesAlerts=true, hasTouchScreen=false, version=59.0.3071.115, platform=XP, browserConnectionEnabled=false, nativeEvents=true, acceptSslCerts=true, locationContextEnabled=true, webStorageEnabled=true, browserName=chrome, takesScreenshot=true, javascriptEnabled=true, cssSelectorsEnabled=true, unexpectedAlertBehaviour=}]
Session ID: c17b78bcba2fe61a26bc98712de99c90
*** Element info: {Using=id, value=campoRegional}
2017-07-10 10:02:38,949  INFO [main] TST -Preenchendo Login (CNPJ)
2017-07-10 10:02:54,456  INFO [main] ---------------------------------------------------------
2017-07-10 10:02:54,458  INFO [main] 
2017-07-10 10:02:54,456  INFO [main] ---------------------------------------------------------
2017-07-10 10:02:54,458  INFO [main] 
2017-07-10 10:02:54,458  INFO [main] * 10/07/2017 10:02:54 EXECUTANDO => testAcessarMenusLateralEsq
2017-07-10 10:02:54,459  INFO [main] 
2017-07-10 10:02:54,459  INFO [main] ---------------------------------------------------------
2017-07-10 10:02:54,458  INFO [main] * 10/07/2017 10:02:54 EXECUTANDO => testAcessarMenusLateralEsq
2017-07-10 10:02:54,459  INFO [main] 
2017-07-10 10:02:54,459  INFO [main] ---------------------------------------------------------
2017-07-10 10:02:59,961  INFO [main] TST - Abrindo a tela inicial
2017-07-10 10:02:59,961  INFO [main] TST - Abrindo a tela inicial
2017-07-10 10:03:22,126  INFO [main] Screenshot: D:\Teste_Ambiente\integration-test\Evidencias\testAcessarMenusLateralEsq\screenshot-2017.07.10-100322.png
2017-07-10 10:03:22,126  INFO [main] Screenshot: D:\Teste_Ambiente\integration-test\Evidencias\testAcessarMenusLateralEsq\screenshot-2017.07.10-100322.png
2017-07-10 10:03:22,405  INFO [main] TST - Preenchendo estado
2017-07-10 10:03:22,405  INFO [main] TST - Preenchendo estado
2017-07-10 10:03:24,698  INFO [main] org.openqa.selenium.NoSuchElementException: no such element: Unable to locate element: {"method":"id","selector":"campoRegional"}
  (Session info: chrome=59.0.3071.115)
  (Driver info: chromedriver=2.29.461591 (62ebf098771772160f391d75e589dc567915b233),platform=Windows NT 6.1.7601 SP1 x86_64) (WARNING: The server did not provide any stacktrace information)
Command duration or timeout: 2.29 seconds
For documentation on this error, please visit: http://seleniumhq.org/exceptions/no_such_element.html
Build info: version: '2.47.1', revision: '411b314', time: '2015-07-30 02:56:46'
System info: host: 'MW7J82AUMFVA03', ip: '192.168.56.1', os.name: 'Windows 7', os.arch: 'amd64', os.version: '6.1', java.version: '1.8.0_111'
Driver info: org.openqa.selenium.chrome.ChromeDriver
Capabilities [{applicationCacheEnabled=false, rotatable=false, mobileEmulationEnabled=false, networkConnectionEnabled=false, chrome={chromedriverVersion=2.29.461591 (62ebf098771772160f391d75e589dc567915b233), userDataDir=C:\Users\SARATA~1.DUT\AppData\Local\Temp\scoped_dir15512_4701}, takesHeapSnapshot=true, pageLoadStrategy=normal, databaseEnabled=false, handlesAlerts=true, hasTouchScreen=false, version=59.0.3071.115, platform=XP, browserConnectionEnabled=false, nativeEvents=true, acceptSslCerts=true, locationContextEnabled=true, webStorageEnabled=true, browserName=chrome, takesScreenshot=true, javascriptEnabled=true, cssSelectorsEnabled=true, unexpectedAlertBehaviour=}]
Session ID: 3b04c6c628300c98173789dd9da63a21
*** Element info: {Using=id, value=campoRegional}
2017-07-10 10:03:24,705  INFO [main] TST - Preencher Login 
2017-07-10 10:03:24,698  INFO [main] org.openqa.selenium.NoSuchElementException: no such element: Unable to locate element: {"method":"id","selector":"campoRegional"}
  (Session info: chrome=59.0.3071.115)
  (Driver info: chromedriver=2.29.461591 (62ebf098771772160f391d75e589dc567915b233),platform=Windows NT 6.1.7601 SP1 x86_64) (WARNING: The server did not provide any stacktrace information)
Command duration or timeout: 2.29 seconds
For documentation on this error, please visit: http://seleniumhq.org/exceptions/no_such_element.html
Build info: version: '2.47.1', revision: '411b314', time: '2015-07-30 02:56:46'
System info: host: 'MW7J82AUMFVA03', ip: '192.168.56.1', os.name: 'Windows 7', os.arch: 'amd64', os.version: '6.1', java.version: '1.8.0_111'
Driver info: org.openqa.selenium.chrome.ChromeDriver
Capabilities [{applicationCacheEnabled=false, rotatable=false, mobileEmulationEnabled=false, networkConnectionEnabled=false, chrome={chromedriverVersion=2.29.461591 (62ebf098771772160f391d75e589dc567915b233), userDataDir=C:\Users\SARATA~1.DUT\AppData\Local\Temp\scoped_dir15512_4701}, takesHeapSnapshot=true, pageLoadStrategy=normal, databaseEnabled=false, handlesAlerts=true, hasTouchScreen=false, version=59.0.3071.115, platform=XP, browserConnectionEnabled=false, nativeEvents=true, acceptSslCerts=true, locationContextEnabled=true, webStorageEnabled=true, browserName=chrome, takesScreenshot=true, javascriptEnabled=true, cssSelectorsEnabled=true, unexpectedAlertBehaviour=}]
Session ID: 3b04c6c628300c98173789dd9da63a21
*** Element info: {Using=id, value=campoRegional}
2017-07-10 10:03:24,705  INFO [main] TST - Preencher Login 
2017-07-10 10:03:45,158  INFO [main] ---------------------------------------------------------
2017-07-10 10:03:45,158  INFO [main] 
2017-07-10 10:03:45,158  INFO [main] ---------------------------------------------------------
2017-07-10 10:03:45,158  INFO [main] 
2017-07-10 10:03:45,159  INFO [main] * 10/07/2017 10:03:45 EXECUTANDO => testAcessarMenusLateralEsqGestor
2017-07-10 10:03:45,159  INFO [main] 
2017-07-10 10:03:45,159  INFO [main] ---------------------------------------------------------
2017-07-10 10:03:45,159  INFO [main] * 10/07/2017 10:03:45 EXECUTANDO => testAcessarMenusLateralEsqGestor
2017-07-10 10:03:45,159  INFO [main] 
2017-07-10 10:03:45,159  INFO [main] ---------------------------------------------------------
2017-07-10 10:03:48,230  INFO [main] TST - Abrindo a tela inicial
2017-07-10 10:03:48,230  INFO [main] TST - Abrindo a tela inicial
2017-07-10 10:03:53,093  INFO [main] Screenshot: D:\Teste_Ambiente\integration-test\Evidencias\testAcessarMenusLateralEsqGestor\screenshot-2017.07.10-100353.png
2017-07-10 10:03:53,093  INFO [main] Screenshot: D:\Teste_Ambiente\integration-test\Evidencias\testAcessarMenusLateralEsqGestor\screenshot-2017.07.10-100353.png
2017-07-10 10:03:53,486  INFO [main] TST - Preenchendo estado
2017-07-10 10:03:53,486  INFO [main] TST - Preenchendo estado
2017-07-10 10:03:54,466  INFO [main] TST - Selecionando estado
2017-07-10 10:03:54,466  INFO [main] TST - Selecionando estado
2017-07-10 10:03:58,751  INFO [main] Screenshot: D:\Teste_Ambiente\integration-test\Evidencias\testAcessarMenusLateralEsqGestor\screenshot-2017.07.10-100358.png
2017-07-10 10:03:58,751  INFO [main] Screenshot: D:\Teste_Ambiente\integration-test\Evidencias\testAcessarMenusLateralEsqGestor\screenshot-2017.07.10-100358.png
2017-07-10 10:03:59,141  INFO [main] TST - Selecionando opção 'Sou cliente vivo' 
2017-07-10 10:03:59,141  INFO [main] TST - Selecionando opção 'Sou cliente vivo' 
2017-07-10 10:04:03,086  INFO [main] Screenshot: D:\Teste_Ambiente\integration-test\Evidencias\testAcessarMenusLateralEsqGestor\screenshot-2017.07.10-100403.png
2017-07-10 10:04:03,086  INFO [main] Screenshot: D:\Teste_Ambiente\integration-test\Evidencias\testAcessarMenusLateralEsqGestor\screenshot-2017.07.10-100403.png
2017-07-10 10:04:03,440  INFO [main] TST -Preenchendo Login (CNPJ)
2017-07-10 10:04:03,440  INFO [main] TST -Preenchendo Login (CNPJ)
2017-07-10 10:04:06,261  INFO [main] Screenshot: D:\Teste_Ambiente\integration-test\Evidencias\testAcessarMenusLateralEsqGestor\screenshot-2017.07.10-100406.png
2017-07-10 10:04:06,261  INFO [main] Screenshot: D:\Teste_Ambiente\integration-test\Evidencias\testAcessarMenusLateralEsqGestor\screenshot-2017.07.10-100406.png
2017-07-10 10:04:06,556  INFO [main] TST - Clicando no botão continuar
2017-07-10 10:04:06,556  INFO [main] TST - Clicando no botão continuar
2017-07-10 10:04:09,132  INFO [main] TST -Preenchendo Senha
2017-07-10 10:04:09,132  INFO [main] TST -Preenchendo Senha
2017-07-10 10:04:09,626  INFO [main] ---------------------------------------------------------
2017-07-10 10:04:09,626  INFO [main] 
2017-07-10 10:04:09,626  INFO [main] ---------------------------------------------------------
2017-07-10 10:04:09,626  INFO [main] 
2017-07-10 10:04:09,626  INFO [main] * 10/07/2017 10:04:09 EXECUTANDO => testAcessarMenusLateralEsq
2017-07-10 10:04:09,626  INFO [main] 
2017-07-10 10:04:09,626  INFO [main] ---------------------------------------------------------
2017-07-10 10:04:09,626  INFO [main] * 10/07/2017 10:04:09 EXECUTANDO => testAcessarMenusLateralEsq
2017-07-10 10:04:09,626  INFO [main] 
2017-07-10 10:04:09,626  INFO [main] ---------------------------------------------------------
2017-07-10 10:04:13,023  INFO [main] TST - Abrindo a tela inicial
2017-07-10 10:04:13,023  INFO [main] TST - Abrindo a tela inicial
2017-07-10 10:04:13,564  INFO [main] Screenshot: D:\Teste_Ambiente\integration-test\Evidencias\testAcessarMenusLateralEsq\screenshot-2017.07.10-100413.png
2017-07-10 10:04:13,564  INFO [main] Screenshot: D:\Teste_Ambiente\integration-test\Evidencias\testAcessarMenusLateralEsq\screenshot-2017.07.10-100413.png
2017-07-10 10:04:13,895  INFO [main] TST - Preenchendo estado
2017-07-10 10:04:13,895  INFO [main] TST - Preenchendo estado
2017-07-10 10:04:16,188  INFO [main] ERRO ========> org.openqa.selenium.NoSuchElementException: no such element: Unable to locate element: {"method":"id","selector":"campoRegional"}
  (Session info: chrome=59.0.3071.115)
  (Driver info: chromedriver=2.29.461591 (62ebf098771772160f391d75e589dc567915b233),platform=Windows NT 6.1.7601 SP1 x86_64) (WARNING: The server did not provide any stacktrace information)
Command duration or timeout: 2.29 seconds
For documentation on this error, please visit: http://seleniumhq.org/exceptions/no_such_element.html
Build info: version: '2.47.1', revision: '411b314', time: '2015-07-30 02:56:46'
System info: host: 'MW7J82AUMFVA03', ip: '192.168.56.1', os.name: 'Windows 7', os.arch: 'amd64', os.version: '6.1', java.version: '1.8.0_111'
Driver info: org.openqa.selenium.chrome.ChromeDriver
Capabilities [{applicationCacheEnabled=false, rotatable=false, mobileEmulationEnabled=false, networkConnectionEnabled=false, chrome={chromedriverVersion=2.29.461591 (62ebf098771772160f391d75e589dc567915b233), userDataDir=C:\Users\SARATA~1.DUT\AppData\Local\Temp\scoped_dir17364_1518}, takesHeapSnapshot=true, pageLoadStrategy=normal, databaseEnabled=false, handlesAlerts=true, hasTouchScreen=false, version=59.0.3071.115, platform=XP, browserConnectionEnabled=false, nativeEvents=true, acceptSslCerts=true, locationContextEnabled=true, webStorageEnabled=true, browserName=chrome, takesScreenshot=true, javascriptEnabled=true, cssSelectorsEnabled=true, unexpectedAlertBehaviour=}]
Session ID: ff112306c532a3657b45755112488c84
*** Element info: {Using=id, value=campoRegional}
2017-07-10 10:04:16,188  INFO [main] TST -Preenchendo Login (CNPJ)
2017-07-10 10:04:16,188  INFO [main] ERRO ========> org.openqa.selenium.NoSuchElementException: no such element: Unable to locate element: {"method":"id","selector":"campoRegional"}
  (Session info: chrome=59.0.3071.115)
  (Driver info: chromedriver=2.29.461591 (62ebf098771772160f391d75e589dc567915b233),platform=Windows NT 6.1.7601 SP1 x86_64) (WARNING: The server did not provide any stacktrace information)
Command duration or timeout: 2.29 seconds
For documentation on this error, please visit: http://seleniumhq.org/exceptions/no_such_element.html
Build info: version: '2.47.1', revision: '411b314', time: '2015-07-30 02:56:46'
System info: host: 'MW7J82AUMFVA03', ip: '192.168.56.1', os.name: 'Windows 7', os.arch: 'amd64', os.version: '6.1', java.version: '1.8.0_111'
Driver info: org.openqa.selenium.chrome.ChromeDriver
Capabilities [{applicationCacheEnabled=false, rotatable=false, mobileEmulationEnabled=false, networkConnectionEnabled=false, chrome={chromedriverVersion=2.29.461591 (62ebf098771772160f391d75e589dc567915b233), userDataDir=C:\Users\SARATA~1.DUT\AppData\Local\Temp\scoped_dir17364_1518}, takesHeapSnapshot=true, pageLoadStrategy=normal, databaseEnabled=false, handlesAlerts=true, hasTouchScreen=false, version=59.0.3071.115, platform=XP, browserConnectionEnabled=false, nativeEvents=true, acceptSslCerts=true, locationContextEnabled=true, webStorageEnabled=true, browserName=chrome, takesScreenshot=true, javascriptEnabled=true, cssSelectorsEnabled=true, unexpectedAlertBehaviour=}]
Session ID: ff112306c532a3657b45755112488c84
*** Element info: {Using=id, value=campoRegional}
2017-07-10 10:04:16,188  INFO [main] TST -Preenchendo Login (CNPJ)
2017-07-10 10:04:52,694  INFO [main] ---------------------------------------------------------
2017-07-10 10:04:52,696  INFO [main] 
2017-07-10 10:04:52,694  INFO [main] ---------------------------------------------------------
2017-07-10 10:04:52,696  INFO [main] 
2017-07-10 10:04:52,697  INFO [main] * 10/07/2017 10:04:52 EXECUTANDO => testAcessarMenusLateralEsq
2017-07-10 10:04:52,697  INFO [main] 
2017-07-10 10:04:52,697  INFO [main] * 10/07/2017 10:04:52 EXECUTANDO => testAcessarMenusLateralEsq
2017-07-10 10:04:52,697  INFO [main] 
2017-07-10 10:04:52,697  INFO [main] ---------------------------------------------------------
2017-07-10 10:04:52,697  INFO [main] ---------------------------------------------------------
2017-07-10 10:04:58,282  INFO [main] TST - Abrindo a tela inicial
2017-07-10 10:04:58,282  INFO [main] TST - Abrindo a tela inicial
2017-07-10 10:05:03,268  INFO [main] Screenshot: D:\Teste_Ambiente\integration-test\Evidencias\testAcessarMenusLateralEsq\screenshot-2017.07.10-100503.png
2017-07-10 10:05:03,268  INFO [main] Screenshot: D:\Teste_Ambiente\integration-test\Evidencias\testAcessarMenusLateralEsq\screenshot-2017.07.10-100503.png
2017-07-10 10:05:03,688  INFO [main] TST - Preenchendo estado
2017-07-10 10:05:03,688  INFO [main] TST - Preenchendo estado
2017-07-10 10:05:04,656  INFO [main] Screenshot: D:\Teste_Ambiente\integration-test\Evidencias\testAcessarMenusLateralEsq\screenshot-2017.07.10-100504.png
2017-07-10 10:05:04,656  INFO [main] Screenshot: D:\Teste_Ambiente\integration-test\Evidencias\testAcessarMenusLateralEsq\screenshot-2017.07.10-100504.png
2017-07-10 10:05:05,015  INFO [main] TST - Selecionando estado
2017-07-10 10:05:05,015  INFO [main] TST - Selecionando estado
2017-07-10 10:05:14,323  INFO [main] TST - Selecionando opção 'Sou cliente vivo' 
2017-07-10 10:05:14,323  INFO [main] TST - Selecionando opção 'Sou cliente vivo' 
2017-07-10 10:05:19,629  INFO [main] org.openqa.selenium.NoSuchElementException: no such element: Unable to locate element: {"method":"xpath","selector":"/html/body/div[5]/div/div[2]/div[1]/div[6]/a[1]"}
  (Session info: chrome=59.0.3071.115)
  (Driver info: chromedriver=2.29.461591 (62ebf098771772160f391d75e589dc567915b233),platform=Windows NT 6.1.7601 SP1 x86_64) (WARNING: The server did not provide any stacktrace information)
Command duration or timeout: 2.30 seconds
For documentation on this error, please visit: http://seleniumhq.org/exceptions/no_such_element.html
Build info: version: '2.47.1', revision: '411b314', time: '2015-07-30 02:56:46'
System info: host: 'MW7J82AUMFVA03', ip: '192.168.56.1', os.name: 'Windows 7', os.arch: 'amd64', os.version: '6.1', java.version: '1.8.0_111'
Driver info: org.openqa.selenium.chrome.ChromeDriver
Capabilities [{applicationCacheEnabled=false, rotatable=false, mobileEmulationEnabled=false, networkConnectionEnabled=false, chrome={chromedriverVersion=2.29.461591 (62ebf098771772160f391d75e589dc567915b233), userDataDir=C:\Users\SARATA~1.DUT\AppData\Local\Temp\scoped_dir17636_727}, takesHeapSnapshot=true, pageLoadStrategy=normal, databaseEnabled=false, handlesAlerts=true, hasTouchScreen=false, version=59.0.3071.115, platform=XP, browserConnectionEnabled=false, nativeEvents=true, acceptSslCerts=true, locationContextEnabled=true, webStorageEnabled=true, browserName=chrome, takesScreenshot=true, javascriptEnabled=true, cssSelectorsEnabled=true, unexpectedAlertBehaviour=}]
Session ID: 42f7f4b1de732c240fa05c80edc5fef9
*** Element info: {Using=xpath, value=/html/body/div[5]/div/div[2]/div[1]/div[6]/a[1]}
2017-07-10 10:05:19,636  INFO [main] TST - Preencher Login 
2017-07-10 10:05:19,629  INFO [main] org.openqa.selenium.NoSuchElementException: no such element: Unable to locate element: {"method":"xpath","selector":"/html/body/div[5]/div/div[2]/div[1]/div[6]/a[1]"}
  (Session info: chrome=59.0.3071.115)
  (Driver info: chromedriver=2.29.461591 (62ebf098771772160f391d75e589dc567915b233),platform=Windows NT 6.1.7601 SP1 x86_64) (WARNING: The server did not provide any stacktrace information)
Command duration or timeout: 2.30 seconds
For documentation on this error, please visit: http://seleniumhq.org/exceptions/no_such_element.html
Build info: version: '2.47.1', revision: '411b314', time: '2015-07-30 02:56:46'
System info: host: 'MW7J82AUMFVA03', ip: '192.168.56.1', os.name: 'Windows 7', os.arch: 'amd64', os.version: '6.1', java.version: '1.8.0_111'
Driver info: org.openqa.selenium.chrome.ChromeDriver
Capabilities [{applicationCacheEnabled=false, rotatable=false, mobileEmulationEnabled=false, networkConnectionEnabled=false, chrome={chromedriverVersion=2.29.461591 (62ebf098771772160f391d75e589dc567915b233), userDataDir=C:\Users\SARATA~1.DUT\AppData\Local\Temp\scoped_dir17636_727}, takesHeapSnapshot=true, pageLoadStrategy=normal, databaseEnabled=false, handlesAlerts=true, hasTouchScreen=false, version=59.0.3071.115, platform=XP, browserConnectionEnabled=false, nativeEvents=true, acceptSslCerts=true, locationContextEnabled=true, webStorageEnabled=true, browserName=chrome, takesScreenshot=true, javascriptEnabled=true, cssSelectorsEnabled=true, unexpectedAlertBehaviour=}]
Session ID: 42f7f4b1de732c240fa05c80edc5fef9
*** Element info: {Using=xpath, value=/html/body/div[5]/div/div[2]/div[1]/div[6]/a[1]}
2017-07-10 10:05:19,636  INFO [main] TST - Preencher Login 
2017-07-10 10:05:20,558  INFO [main] TST -Preenchendo Senha
2017-07-10 10:05:20,558  INFO [main] TST -Preenchendo Senha
2017-07-10 10:05:21,699  INFO [main] Screenshot: D:\Teste_Ambiente\integration-test\Evidencias\testAcessarMenusLateralEsq\screenshot-2017.07.10-100521.png
2017-07-10 10:05:21,699  INFO [main] Screenshot: D:\Teste_Ambiente\integration-test\Evidencias\testAcessarMenusLateralEsq\screenshot-2017.07.10-100521.png
2017-07-10 10:05:24,081  INFO [main] TST -Preenchendo Senha
2017-07-10 10:05:24,081  INFO [main] TST -Preenchendo Senha
2017-07-10 10:05:26,619  INFO [main] Screenshot: D:\Teste_Ambiente\integration-test\Evidencias\testAcessarMenusLateralEsq\screenshot-2017.07.10-100526.png
2017-07-10 10:05:26,619  INFO [main] Screenshot: D:\Teste_Ambiente\integration-test\Evidencias\testAcessarMenusLateralEsq\screenshot-2017.07.10-100526.png
2017-07-10 10:05:45,020  INFO [main] TST - Fechando Banner
2017-07-10 10:05:45,020  INFO [main] TST - Fechando Banner
2017-07-10 10:05:45,826  INFO [main] Screenshot: D:\Teste_Ambiente\integration-test\Evidencias\testAcessarMenusLateralEsq\screenshot-2017.07.10-100545.png
2017-07-10 10:05:45,826  INFO [main] Screenshot: D:\Teste_Ambiente\integration-test\Evidencias\testAcessarMenusLateralEsq\screenshot-2017.07.10-100545.png
2017-07-10 10:05:48,189  INFO [main] TST - Selecionando a opção 'Consumo' no menu lateral esquerdo.
2017-07-10 10:05:48,189  INFO [main] TST - Selecionando a opção 'Consumo' no menu lateral esquerdo.
2017-07-10 10:05:48,682  INFO [main] ---------------------------------------------------------
2017-07-10 10:05:48,682  INFO [main] 
2017-07-10 10:05:48,683  INFO [main] * 10/07/2017 10:05:48 EXECUTANDO => testAcessarMenusLateralEsqGestor
2017-07-10 10:05:48,683  INFO [main] 
2017-07-10 10:05:48,683  INFO [main] ---------------------------------------------------------
2017-07-10 10:05:48,682  INFO [main] ---------------------------------------------------------
2017-07-10 10:05:48,682  INFO [main] 
2017-07-10 10:05:48,683  INFO [main] * 10/07/2017 10:05:48 EXECUTANDO => testAcessarMenusLateralEsqGestor
2017-07-10 10:05:48,683  INFO [main] 
2017-07-10 10:05:48,683  INFO [main] ---------------------------------------------------------
2017-07-10 10:05:51,201  INFO [main] TST - Abrindo a tela inicial
2017-07-10 10:05:51,201  INFO [main] TST - Abrindo a tela inicial
2017-07-10 10:05:55,249  INFO [main] Screenshot: D:\Teste_Ambiente\integration-test\Evidencias\testAcessarMenusLateralEsqGestor\screenshot-2017.07.10-100555.png
2017-07-10 10:05:55,249  INFO [main] Screenshot: D:\Teste_Ambiente\integration-test\Evidencias\testAcessarMenusLateralEsqGestor\screenshot-2017.07.10-100555.png
2017-07-10 10:05:55,622  INFO [main] TST - Preenchendo estado
2017-07-10 10:05:55,622  INFO [main] TST - Preenchendo estado
2017-07-10 10:05:56,790  INFO [main] TST - Selecionando estado
2017-07-10 10:05:56,790  INFO [main] TST - Selecionando estado
2017-07-10 10:06:01,075  INFO [main] Screenshot: D:\Teste_Ambiente\integration-test\Evidencias\testAcessarMenusLateralEsqGestor\screenshot-2017.07.10-100601.png
2017-07-10 10:06:01,075  INFO [main] Screenshot: D:\Teste_Ambiente\integration-test\Evidencias\testAcessarMenusLateralEsqGestor\screenshot-2017.07.10-100601.png
2017-07-10 10:06:01,397  INFO [main] TST - Selecionando opção 'Sou cliente vivo' 
2017-07-10 10:06:01,397  INFO [main] TST - Selecionando opção 'Sou cliente vivo' 
2017-07-10 10:06:05,011  INFO [main] Screenshot: D:\Teste_Ambiente\integration-test\Evidencias\testAcessarMenusLateralEsqGestor\screenshot-2017.07.10-100605.png
2017-07-10 10:06:05,011  INFO [main] Screenshot: D:\Teste_Ambiente\integration-test\Evidencias\testAcessarMenusLateralEsqGestor\screenshot-2017.07.10-100605.png
2017-07-10 10:06:05,327  INFO [main] TST -Preenchendo Login (CNPJ)
2017-07-10 10:06:05,327  INFO [main] TST -Preenchendo Login (CNPJ)
2017-07-10 10:06:08,215  INFO [main] Screenshot: D:\Teste_Ambiente\integration-test\Evidencias\testAcessarMenusLateralEsqGestor\screenshot-2017.07.10-100608.png
2017-07-10 10:06:08,215  INFO [main] Screenshot: D:\Teste_Ambiente\integration-test\Evidencias\testAcessarMenusLateralEsqGestor\screenshot-2017.07.10-100608.png
2017-07-10 10:06:08,515  INFO [main] TST - Clicando no botão continuar
2017-07-10 10:06:08,515  INFO [main] TST - Clicando no botão continuar
2017-07-10 10:06:11,059  INFO [main] TST -Preenchendo Senha
2017-07-10 10:06:11,059  INFO [main] TST -Preenchendo Senha
2017-07-10 10:06:11,958  INFO [main] TST -Preenchendo Senha
2017-07-10 10:06:11,958  INFO [main] TST -Preenchendo Senha
2017-07-10 10:06:12,807  INFO [main] Screenshot: D:\Teste_Ambiente\integration-test\Evidencias\testAcessarMenusLateralEsqGestor\screenshot-2017.07.10-100612.png
2017-07-10 10:06:12,807  INFO [main] Screenshot: D:\Teste_Ambiente\integration-test\Evidencias\testAcessarMenusLateralEsqGestor\screenshot-2017.07.10-100612.png
2017-07-10 10:06:13,168  INFO [main] TST - Clicando no botão entrar
2017-07-10 10:06:13,168  INFO [main] TST - Clicando no botão entrar
2017-07-10 10:06:15,685  INFO [main] Screenshot: D:\Teste_Ambiente\integration-test\Evidencias\testAcessarMenusLateralEsqGestor\screenshot-2017.07.10-100615.png
2017-07-10 10:06:15,685  INFO [main] Screenshot: D:\Teste_Ambiente\integration-test\Evidencias\testAcessarMenusLateralEsqGestor\screenshot-2017.07.10-100615.png
2017-07-10 10:07:34,483  INFO [main] TST - Fechando Banner Gestor
2017-07-10 10:07:34,483  INFO [main] TST - Fechando Banner Gestor
2017-07-10 10:07:38,558  INFO [main] Screenshot: D:\Teste_Ambiente\integration-test\Evidencias\testAcessarMenusLateralEsqGestor\screenshot-2017.07.10-100738.png
2017-07-10 10:07:38,558  INFO [main] Screenshot: D:\Teste_Ambiente\integration-test\Evidencias\testAcessarMenusLateralEsqGestor\screenshot-2017.07.10-100738.png
2017-07-10 10:07:38,896  INFO [main] TST - Selecionando a opção 'Minha conta' no menu lateral esquerdo.
2017-07-10 10:07:38,896  INFO [main] TST - Selecionando a opção 'Minha conta' no menu lateral esquerdo.
2017-07-10 10:07:41,461  INFO [main] Screenshot: D:\Teste_Ambiente\integration-test\Evidencias\testAcessarMenusLateralEsqGestor\screenshot-2017.07.10-100741.png
2017-07-10 10:07:41,461  INFO [main] Screenshot: D:\Teste_Ambiente\integration-test\Evidencias\testAcessarMenusLateralEsqGestor\screenshot-2017.07.10-100741.png
2017-07-10 10:07:41,819  INFO [main] TST - Selecionando a opção '2ª via de contas' no submenu 'Minha conta' do menu lateral esquerdo.
2017-07-10 10:07:41,819  INFO [main] TST - Selecionando a opção '2ª via de contas' no submenu 'Minha conta' do menu lateral esquerdo.
2017-07-10 10:07:55,244  INFO [main] Screenshot: D:\Teste_Ambiente\integration-test\Evidencias\testAcessarMenusLateralEsqGestor\screenshot-2017.07.10-100755.png
2017-07-10 10:07:55,244  INFO [main] Screenshot: D:\Teste_Ambiente\integration-test\Evidencias\testAcessarMenusLateralEsqGestor\screenshot-2017.07.10-100755.png
2017-07-10 10:07:55,620  INFO [main] TST - Selecionando a opção 'Minha conta' no menu lateral esquerdo.
2017-07-10 10:07:55,620  INFO [main] TST - Selecionando a opção 'Minha conta' no menu lateral esquerdo.
2017-07-10 10:07:57,990  INFO [main] Screenshot: D:\Teste_Ambiente\integration-test\Evidencias\testAcessarMenusLateralEsqGestor\screenshot-2017.07.10-100757.png
2017-07-10 10:07:57,990  INFO [main] Screenshot: D:\Teste_Ambiente\integration-test\Evidencias\testAcessarMenusLateralEsqGestor\screenshot-2017.07.10-100757.png
2017-07-10 10:07:58,315  INFO [main] TST - Selecionando a opção 'Conta digital' no submenu 'Gerencie sua conta' do menu lateral esquerdo.
2017-07-10 10:07:58,315  INFO [main] TST - Selecionando a opção 'Conta digital' no submenu 'Gerencie sua conta' do menu lateral esquerdo.
2017-07-10 10:07:59,001  INFO [main] ---------------------------------------------------------
2017-07-10 10:07:59,002  INFO [main] 
2017-07-10 10:07:59,002  INFO [main] * 10/07/2017 10:07:59 EXECUTANDO => testAcessarMenusLateralEsq
2017-07-10 10:07:59,002  INFO [main] 
2017-07-10 10:07:59,002  INFO [main] ---------------------------------------------------------
2017-07-10 10:07:59,001  INFO [main] ---------------------------------------------------------
2017-07-10 10:07:59,002  INFO [main] 
2017-07-10 10:07:59,002  INFO [main] * 10/07/2017 10:07:59 EXECUTANDO => testAcessarMenusLateralEsq
2017-07-10 10:07:59,002  INFO [main] 
2017-07-10 10:07:59,002  INFO [main] ---------------------------------------------------------
2017-07-10 10:08:02,128  INFO [main] TST - Abrindo a tela inicial
2017-07-10 10:08:02,128  INFO [main] TST - Abrindo a tela inicial
2017-07-10 10:08:05,814  INFO [main] Screenshot: D:\Teste_Ambiente\integration-test\Evidencias\testAcessarMenusLateralEsq\screenshot-2017.07.10-100805.png
2017-07-10 10:08:05,814  INFO [main] Screenshot: D:\Teste_Ambiente\integration-test\Evidencias\testAcessarMenusLateralEsq\screenshot-2017.07.10-100805.png
2017-07-10 10:08:06,178  INFO [main] TST - Preenchendo estado
2017-07-10 10:08:06,178  INFO [main] TST - Preenchendo estado
2017-07-10 10:08:07,139  INFO [main] TST - Selecionando estado
2017-07-10 10:08:07,139  INFO [main] TST - Selecionando estado
2017-07-10 10:08:11,476  INFO [main] Screenshot: D:\Teste_Ambiente\integration-test\Evidencias\testAcessarMenusLateralEsq\screenshot-2017.07.10-100811.png
2017-07-10 10:08:11,476  INFO [main] Screenshot: D:\Teste_Ambiente\integration-test\Evidencias\testAcessarMenusLateralEsq\screenshot-2017.07.10-100811.png
2017-07-10 10:08:11,819  INFO [main] TST - Selecionando opção 'Sou cliente vivo' 
2017-07-10 10:08:11,819  INFO [main] TST - Selecionando opção 'Sou cliente vivo' 
2017-07-10 10:08:15,525  INFO [main] Screenshot: D:\Teste_Ambiente\integration-test\Evidencias\testAcessarMenusLateralEsq\screenshot-2017.07.10-100815.png
2017-07-10 10:08:15,525  INFO [main] Screenshot: D:\Teste_Ambiente\integration-test\Evidencias\testAcessarMenusLateralEsq\screenshot-2017.07.10-100815.png
2017-07-10 10:08:15,845  INFO [main] TST -Preenchendo Login (CNPJ)
2017-07-10 10:08:15,845  INFO [main] TST -Preenchendo Login (CNPJ)
2017-07-10 10:08:16,713  INFO [main] TST - Clicando no botão continuar
2017-07-10 10:08:16,713  INFO [main] TST - Clicando no botão continuar
2017-07-10 10:08:19,234  INFO [main] TST -Preenchendo Senha
2017-07-10 10:08:19,234  INFO [main] TST -Preenchendo Senha
2017-07-10 10:24:10,784  INFO [main] ---------------------------------------------------------
2017-07-10 10:24:10,786  INFO [main] 
2017-07-10 10:24:10,784  INFO [main] ---------------------------------------------------------
2017-07-10 10:24:10,786  INFO [main] 
2017-07-10 10:24:10,787  INFO [main] * 10/07/2017 10:24:10 EXECUTANDO => testAcessarMenusLateralEsq
2017-07-10 10:24:10,787  INFO [main] 
2017-07-10 10:24:10,787  INFO [main] ---------------------------------------------------------
2017-07-10 10:24:10,787  INFO [main] * 10/07/2017 10:24:10 EXECUTANDO => testAcessarMenusLateralEsq
2017-07-10 10:24:10,787  INFO [main] 
2017-07-10 10:24:10,787  INFO [main] ---------------------------------------------------------
2017-07-10 10:24:14,387  INFO [main] TST - Abrindo a tela inicial
2017-07-10 10:24:14,387  INFO [main] TST - Abrindo a tela inicial
2017-07-10 10:24:26,092  INFO [main] ---------------------------------------------------------
2017-07-10 10:24:26,092  INFO [main] 
2017-07-10 10:24:26,093  INFO [main] * 10/07/2017 10:24:26 EXECUTANDO => testAcessarMenusLateralEsqGestor
2017-07-10 10:24:26,093  INFO [main] 
2017-07-10 10:24:26,093  INFO [main] ---------------------------------------------------------
2017-07-10 10:24:26,092  INFO [main] ---------------------------------------------------------
2017-07-10 10:24:26,092  INFO [main] 
2017-07-10 10:24:26,093  INFO [main] * 10/07/2017 10:24:26 EXECUTANDO => testAcessarMenusLateralEsqGestor
2017-07-10 10:24:26,093  INFO [main] 
2017-07-10 10:24:26,093  INFO [main] ---------------------------------------------------------
2017-07-10 10:24:29,097  INFO [main] TST - Abrindo a tela inicial
2017-07-10 10:24:29,097  INFO [main] TST - Abrindo a tela inicial
2017-07-10 10:24:29,722  INFO [main] Screenshot: D:\Teste_Ambiente\integration-test\Evidencias\testAcessarMenusLateralEsqGestor\screenshot-2017.07.10-102429.png
2017-07-10 10:24:29,722  INFO [main] Screenshot: D:\Teste_Ambiente\integration-test\Evidencias\testAcessarMenusLateralEsqGestor\screenshot-2017.07.10-102429.png
2017-07-10 10:24:29,740 ERROR [main] Erro ao salvar o screenshot.
org.openqa.selenium.NoSuchWindowException: no such window: target window already closed
from unknown error: web view not found
  (Session info: chrome=59.0.3071.115)
  (Driver info: chromedriver=2.29.461591 (62ebf098771772160f391d75e589dc567915b233),platform=Windows NT 6.1.7601 SP1 x86_64) (WARNING: The server did not provide any stacktrace information)
Command duration or timeout: 13 milliseconds
Build info: version: '2.47.1', revision: '411b314', time: '2015-07-30 02:56:46'
System info: host: 'MW7J82AUMFVA03', ip: '192.168.56.1', os.name: 'Windows 7', os.arch: 'amd64', os.version: '6.1', java.version: '1.8.0_111'
Driver info: org.openqa.selenium.chrome.ChromeDriver
Capabilities [{applicationCacheEnabled=false, rotatable=false, mobileEmulationEnabled=false, networkConnectionEnabled=false, chrome={chromedriverVersion=2.29.461591 (62ebf098771772160f391d75e589dc567915b233), userDataDir=C:\Users\SARATA~1.DUT\AppData\Local\Temp\scoped_dir15528_759}, takesHeapSnapshot=true, pageLoadStrategy=normal, databaseEnabled=false, handlesAlerts=true, hasTouchScreen=false, version=59.0.3071.115, platform=XP, browserConnectionEnabled=false, nativeEvents=true, acceptSslCerts=true, locationContextEnabled=true, webStorageEnabled=true, browserName=chrome, takesScreenshot=true, javascriptEnabled=true, cssSelectorsEnabled=true, unexpectedAlertBehaviour=}]
Session ID: 9b11499912dad537b772a9d99a55ffad
	at sun.reflect.NativeConstructorAccessorImpl.newInstance0(Native Method)
	at sun.reflect.NativeConstructorAccessorImpl.newInstance(NativeConstructorAccessorImpl.java:62)
	at sun.reflect.DelegatingConstructorAccessorImpl.newInstance(DelegatingConstructorAccessorImpl.java:45)
	at java.lang.reflect.Constructor.newInstance(Constructor.java:423)
	at org.openqa.selenium.remote.ErrorHandler.createThrowable(ErrorHandler.java:206)
	at org.openqa.selenium.remote.ErrorHandler.throwIfResponseFailed(ErrorHandler.java:158)
	at org.openqa.selenium.remote.RemoteWebDriver.execute(RemoteWebDriver.java:595)
	at org.openqa.selenium.remote.RemoteWebDriver.execute(RemoteWebDriver.java:618)
	at org.openqa.selenium.remote.RemoteWebDriver.getScreenshotAs(RemoteWebDriver.java:320)
	at vivo.base.ScreenshotHandler.takeScreenshot(ScreenshotHandler.java:50)
	at vivo.base.ScreenshotHandler.takeScreenshot(ScreenshotHandler.java:38)
	at vivo.test.login.LoginPj.testAcessarMenusLateralEsqGestor(LoginPj.java:118)
	at sun.reflect.NativeMethodAccessorImpl.invoke0(Native Method)
	at sun.reflect.NativeMethodAccessorImpl.invoke(NativeMethodAccessorImpl.java:62)
	at sun.reflect.DelegatingMethodAccessorImpl.invoke(DelegatingMethodAccessorImpl.java:43)
	at java.lang.reflect.Method.invoke(Method.java:498)
	at org.junit.runners.model.FrameworkMethod$1.runReflectiveCall(FrameworkMethod.java:50)
	at org.junit.internal.runners.model.ReflectiveCallable.run(ReflectiveCallable.java:12)
	at org.junit.runners.model.FrameworkMethod.invokeExplosively(FrameworkMethod.java:47)
	at org.junit.internal.runners.statements.InvokeMethod.evaluate(InvokeMethod.java:17)
	at org.junit.internal.runners.statements.RunBefores.evaluate(RunBefores.java:26)
	at org.junit.internal.runners.statements.RunAfters.evaluate(RunAfters.java:27)
	at org.junit.runners.ParentRunner.runLeaf(ParentRunner.java:325)
	at org.junit.runners.BlockJUnit4ClassRunner.runChild(BlockJUnit4ClassRunner.java:78)
	at org.junit.runners.BlockJUnit4ClassRunner.runChild(BlockJUnit4ClassRunner.java:57)
	at org.junit.runners.ParentRunner$3.run(ParentRunner.java:290)
	at org.junit.runners.ParentRunner$1.schedule(ParentRunner.java:71)
	at org.junit.runners.ParentRunner.runChildren(ParentRunner.java:288)
	at org.junit.runners.ParentRunner.access$000(ParentRunner.java:58)
	at org.junit.runners.ParentRunner$2.evaluate(ParentRunner.java:268)
	at org.junit.internal.runners.statements.RunBefores.evaluate(RunBefores.java:26)
	at org.junit.internal.runners.statements.RunAfters.evaluate(RunAfters.java:27)
	at org.junit.runners.ParentRunner.run(ParentRunner.java:363)
	at org.junit.runners.Suite.runChild(Suite.java:128)
	at org.junit.runners.Suite.runChild(Suite.java:27)
	at org.junit.runners.ParentRunner$3.run(ParentRunner.java:290)
	at org.junit.runners.ParentRunner$1.schedule(ParentRunner.java:71)
	at org.junit.runners.ParentRunner.runChildren(ParentRunner.java:288)
	at org.junit.runners.ParentRunner.access$000(ParentRunner.java:58)
	at org.junit.runners.ParentRunner$2.evaluate(ParentRunner.java:268)
	at org.junit.runners.ParentRunner.run(ParentRunner.java:363)
	at org.eclipse.jdt.internal.junit4.runner.JUnit4TestReference.run(JUnit4TestReference.java:86)
	at org.eclipse.jdt.internal.junit.runner.TestExecution.run(TestExecution.java:38)
	at org.eclipse.jdt.internal.junit.runner.RemoteTestRunner.runTests(RemoteTestRunner.java:459)
	at org.eclipse.jdt.internal.junit.runner.RemoteTestRunner.runTests(RemoteTestRunner.java:678)
	at org.eclipse.jdt.internal.junit.runner.RemoteTestRunner.run(RemoteTestRunner.java:382)
	at org.eclipse.jdt.internal.junit.runner.RemoteTestRunner.main(RemoteTestRunner.java:192)
2017-07-10 10:24:29,743  INFO [main] TST - Preenchendo estado
2017-07-10 10:24:29,740 ERROR [main] Erro ao salvar o screenshot.
org.openqa.selenium.NoSuchWindowException: no such window: target window already closed
from unknown error: web view not found
  (Session info: chrome=59.0.3071.115)
  (Driver info: chromedriver=2.29.461591 (62ebf098771772160f391d75e589dc567915b233),platform=Windows NT 6.1.7601 SP1 x86_64) (WARNING: The server did not provide any stacktrace information)
Command duration or timeout: 13 milliseconds
Build info: version: '2.47.1', revision: '411b314', time: '2015-07-30 02:56:46'
System info: host: 'MW7J82AUMFVA03', ip: '192.168.56.1', os.name: 'Windows 7', os.arch: 'amd64', os.version: '6.1', java.version: '1.8.0_111'
Driver info: org.openqa.selenium.chrome.ChromeDriver
Capabilities [{applicationCacheEnabled=false, rotatable=false, mobileEmulationEnabled=false, networkConnectionEnabled=false, chrome={chromedriverVersion=2.29.461591 (62ebf098771772160f391d75e589dc567915b233), userDataDir=C:\Users\SARATA~1.DUT\AppData\Local\Temp\scoped_dir15528_759}, takesHeapSnapshot=true, pageLoadStrategy=normal, databaseEnabled=false, handlesAlerts=true, hasTouchScreen=false, version=59.0.3071.115, platform=XP, browserConnectionEnabled=false, nativeEvents=true, acceptSslCerts=true, locationContextEnabled=true, webStorageEnabled=true, browserName=chrome, takesScreenshot=true, javascriptEnabled=true, cssSelectorsEnabled=true, unexpectedAlertBehaviour=}]
Session ID: 9b11499912dad537b772a9d99a55ffad
	at sun.reflect.NativeConstructorAccessorImpl.newInstance0(Native Method)
	at sun.reflect.NativeConstructorAccessorImpl.newInstance(NativeConstructorAccessorImpl.java:62)
	at sun.reflect.DelegatingConstructorAccessorImpl.newInstance(DelegatingConstructorAccessorImpl.java:45)
	at java.lang.reflect.Constructor.newInstance(Constructor.java:423)
	at org.openqa.selenium.remote.ErrorHandler.createThrowable(ErrorHandler.java:206)
	at org.openqa.selenium.remote.ErrorHandler.throwIfResponseFailed(ErrorHandler.java:158)
	at org.openqa.selenium.remote.RemoteWebDriver.execute(RemoteWebDriver.java:595)
	at org.openqa.selenium.remote.RemoteWebDriver.execute(RemoteWebDriver.java:618)
	at org.openqa.selenium.remote.RemoteWebDriver.getScreenshotAs(RemoteWebDriver.java:320)
	at vivo.base.ScreenshotHandler.takeScreenshot(ScreenshotHandler.java:50)
	at vivo.base.ScreenshotHandler.takeScreenshot(ScreenshotHandler.java:38)
	at vivo.test.login.LoginPj.testAcessarMenusLateralEsqGestor(LoginPj.java:118)
	at sun.reflect.NativeMethodAccessorImpl.invoke0(Native Method)
	at sun.reflect.NativeMethodAccessorImpl.invoke(NativeMethodAccessorImpl.java:62)
	at sun.reflect.DelegatingMethodAccessorImpl.invoke(DelegatingMethodAccessorImpl.java:43)
	at java.lang.reflect.Method.invoke(Method.java:498)
	at org.junit.runners.model.FrameworkMethod$1.runReflectiveCall(FrameworkMethod.java:50)
	at org.junit.internal.runners.model.ReflectiveCallable.run(ReflectiveCallable.java:12)
	at org.junit.runners.model.FrameworkMethod.invokeExplosively(FrameworkMethod.java:47)
	at org.junit.internal.runners.statements.InvokeMethod.evaluate(InvokeMethod.java:17)
	at org.junit.internal.runners.statements.RunBefores.evaluate(RunBefores.java:26)
	at org.junit.internal.runners.statements.RunAfters.evaluate(RunAfters.java:27)
	at org.junit.runners.ParentRunner.runLeaf(ParentRunner.java:325)
	at org.junit.runners.BlockJUnit4ClassRunner.runChild(BlockJUnit4ClassRunner.java:78)
	at org.junit.runners.BlockJUnit4ClassRunner.runChild(BlockJUnit4ClassRunner.java:57)
	at org.junit.runners.ParentRunner$3.run(ParentRunner.java:290)
	at org.junit.runners.ParentRunner$1.schedule(ParentRunner.java:71)
	at org.junit.runners.ParentRunner.runChildren(ParentRunner.java:288)
	at org.junit.runners.ParentRunner.access$000(ParentRunner.java:58)
	at org.junit.runners.ParentRunner$2.evaluate(ParentRunner.java:268)
	at org.junit.internal.runners.statements.RunBefores.evaluate(RunBefores.java:26)
	at org.junit.internal.runners.statements.RunAfters.evaluate(RunAfters.java:27)
	at org.junit.runners.ParentRunner.run(ParentRunner.java:363)
	at org.junit.runners.Suite.runChild(Suite.java:128)
	at org.junit.runners.Suite.runChild(Suite.java:27)
	at org.junit.runners.ParentRunner$3.run(ParentRunner.java:290)
	at org.junit.runners.ParentRunner$1.schedule(ParentRunner.java:71)
	at org.junit.runners.ParentRunner.runChildren(ParentRunner.java:288)
	at org.junit.runners.ParentRunner.access$000(ParentRunner.java:58)
	at org.junit.runners.ParentRunner$2.evaluate(ParentRunner.java:268)
	at org.junit.runners.ParentRunner.run(ParentRunner.java:363)
	at org.eclipse.jdt.internal.junit4.runner.JUnit4TestReference.run(JUnit4TestReference.java:86)
	at org.eclipse.jdt.internal.junit.runner.TestExecution.run(TestExecution.java:38)
	at org.eclipse.jdt.internal.junit.runner.RemoteTestRunner.runTests(RemoteTestRunner.java:459)
	at org.eclipse.jdt.internal.junit.runner.RemoteTestRunner.runTests(RemoteTestRunner.java:678)
	at org.eclipse.jdt.internal.junit.runner.RemoteTestRunner.run(RemoteTestRunner.java:382)
	at org.eclipse.jdt.internal.junit.runner.RemoteTestRunner.main(RemoteTestRunner.java:192)
2017-07-10 10:24:29,743  INFO [main] TST - Preenchendo estado
2017-07-10 10:24:29,994  INFO [main] ERRO ====> org.openqa.selenium.NoSuchWindowException: no such window: target window already closed
from unknown error: web view not found
  (Session info: chrome=59.0.3071.115)
  (Driver info: chromedriver=2.29.461591 (62ebf098771772160f391d75e589dc567915b233),platform=Windows NT 6.1.7601 SP1 x86_64) (WARNING: The server did not provide any stacktrace information)
Command duration or timeout: 250 milliseconds
Build info: version: '2.47.1', revision: '411b314', time: '2015-07-30 02:56:46'
System info: host: 'MW7J82AUMFVA03', ip: '192.168.56.1', os.name: 'Windows 7', os.arch: 'amd64', os.version: '6.1', java.version: '1.8.0_111'
Driver info: org.openqa.selenium.chrome.ChromeDriver
Capabilities [{applicationCacheEnabled=false, rotatable=false, mobileEmulationEnabled=false, networkConnectionEnabled=false, chrome={chromedriverVersion=2.29.461591 (62ebf098771772160f391d75e589dc567915b233), userDataDir=C:\Users\SARATA~1.DUT\AppData\Local\Temp\scoped_dir15528_759}, takesHeapSnapshot=true, pageLoadStrategy=normal, databaseEnabled=false, handlesAlerts=true, hasTouchScreen=false, version=59.0.3071.115, platform=XP, browserConnectionEnabled=false, nativeEvents=true, acceptSslCerts=true, locationContextEnabled=true, webStorageEnabled=true, browserName=chrome, takesScreenshot=true, javascriptEnabled=true, cssSelectorsEnabled=true, unexpectedAlertBehaviour=}]
Session ID: 9b11499912dad537b772a9d99a55ffad
*** Element info: {Using=id, value=campoRegional}
2017-07-10 10:24:29,995  INFO [main] TST -Preenchendo Login (CNPJ)
2017-07-10 10:24:29,994  INFO [main] ERRO ====> org.openqa.selenium.NoSuchWindowException: no such window: target window already closed
from unknown error: web view not found
  (Session info: chrome=59.0.3071.115)
  (Driver info: chromedriver=2.29.461591 (62ebf098771772160f391d75e589dc567915b233),platform=Windows NT 6.1.7601 SP1 x86_64) (WARNING: The server did not provide any stacktrace information)
Command duration or timeout: 250 milliseconds
Build info: version: '2.47.1', revision: '411b314', time: '2015-07-30 02:56:46'
System info: host: 'MW7J82AUMFVA03', ip: '192.168.56.1', os.name: 'Windows 7', os.arch: 'amd64', os.version: '6.1', java.version: '1.8.0_111'
Driver info: org.openqa.selenium.chrome.ChromeDriver
Capabilities [{applicationCacheEnabled=false, rotatable=false, mobileEmulationEnabled=false, networkConnectionEnabled=false, chrome={chromedriverVersion=2.29.461591 (62ebf098771772160f391d75e589dc567915b233), userDataDir=C:\Users\SARATA~1.DUT\AppData\Local\Temp\scoped_dir15528_759}, takesHeapSnapshot=true, pageLoadStrategy=normal, databaseEnabled=false, handlesAlerts=true, hasTouchScreen=false, version=59.0.3071.115, platform=XP, browserConnectionEnabled=false, nativeEvents=true, acceptSslCerts=true, locationContextEnabled=true, webStorageEnabled=true, browserName=chrome, takesScreenshot=true, javascriptEnabled=true, cssSelectorsEnabled=true, unexpectedAlertBehaviour=}]
Session ID: 9b11499912dad537b772a9d99a55ffad
*** Element info: {Using=id, value=campoRegional}
2017-07-10 10:24:29,995  INFO [main] TST -Preenchendo Login (CNPJ)
2017-07-10 10:24:30,220  INFO [main] ---------------------------------------------------------
2017-07-10 10:24:30,220  INFO [main] 
2017-07-10 10:24:30,221  INFO [main] * 10/07/2017 10:24:30 EXECUTANDO => testAcessarMenusLateralEsq
2017-07-10 10:24:30,220  INFO [main] ---------------------------------------------------------
2017-07-10 10:24:30,220  INFO [main] 
2017-07-10 10:24:30,221  INFO [main] 
2017-07-10 10:24:30,221  INFO [main] * 10/07/2017 10:24:30 EXECUTANDO => testAcessarMenusLateralEsq
2017-07-10 10:24:30,221  INFO [main] ---------------------------------------------------------
2017-07-10 10:24:30,221  INFO [main] 
2017-07-10 10:24:30,221  INFO [main] ---------------------------------------------------------
2017-07-10 10:24:33,171  INFO [main] TST - Abrindo a tela inicial
2017-07-10 10:24:33,171  INFO [main] TST - Abrindo a tela inicial
2017-07-10 10:24:33,835  INFO [main] Screenshot: D:\Teste_Ambiente\integration-test\Evidencias\testAcessarMenusLateralEsq\screenshot-2017.07.10-102433.png
2017-07-10 10:24:33,835  INFO [main] Screenshot: D:\Teste_Ambiente\integration-test\Evidencias\testAcessarMenusLateralEsq\screenshot-2017.07.10-102433.png
2017-07-10 10:24:35,904 ERROR [main] Erro ao salvar o screenshot.
org.openqa.selenium.WebDriverException: chrome not reachable
  (Session info: chrome=59.0.3071.115)
  (Driver info: chromedriver=2.29.461591 (62ebf098771772160f391d75e589dc567915b233),platform=Windows NT 6.1.7601 SP1 x86_64) (WARNING: The server did not provide any stacktrace information)
Command duration or timeout: 2.04 seconds
Build info: version: '2.47.1', revision: '411b314', time: '2015-07-30 02:56:46'
System info: host: 'MW7J82AUMFVA03', ip: '192.168.56.1', os.name: 'Windows 7', os.arch: 'amd64', os.version: '6.1', java.version: '1.8.0_111'
Driver info: org.openqa.selenium.chrome.ChromeDriver
Capabilities [{applicationCacheEnabled=false, rotatable=false, mobileEmulationEnabled=false, networkConnectionEnabled=false, chrome={chromedriverVersion=2.29.461591 (62ebf098771772160f391d75e589dc567915b233), userDataDir=C:\Users\SARATA~1.DUT\AppData\Local\Temp\scoped_dir16792_17324}, takesHeapSnapshot=true, pageLoadStrategy=normal, databaseEnabled=false, handlesAlerts=true, hasTouchScreen=false, version=59.0.3071.115, platform=XP, browserConnectionEnabled=false, nativeEvents=true, acceptSslCerts=true, locationContextEnabled=true, webStorageEnabled=true, browserName=chrome, takesScreenshot=true, javascriptEnabled=true, cssSelectorsEnabled=true, unexpectedAlertBehaviour=}]
Session ID: 93a4c56eacca3b230d05c18b9d8522e1
	at sun.reflect.NativeConstructorAccessorImpl.newInstance0(Native Method)
	at sun.reflect.NativeConstructorAccessorImpl.newInstance(NativeConstructorAccessorImpl.java:62)
	at sun.reflect.DelegatingConstructorAccessorImpl.newInstance(DelegatingConstructorAccessorImpl.java:45)
	at java.lang.reflect.Constructor.newInstance(Constructor.java:423)
	at org.openqa.selenium.remote.ErrorHandler.createThrowable(ErrorHandler.java:206)
	at org.openqa.selenium.remote.ErrorHandler.throwIfResponseFailed(ErrorHandler.java:158)
	at org.openqa.selenium.remote.RemoteWebDriver.execute(RemoteWebDriver.java:595)
	at org.openqa.selenium.remote.RemoteWebDriver.execute(RemoteWebDriver.java:618)
	at org.openqa.selenium.remote.RemoteWebDriver.getScreenshotAs(RemoteWebDriver.java:320)
	at vivo.base.ScreenshotHandler.takeScreenshot(ScreenshotHandler.java:50)
	at vivo.base.ScreenshotHandler.takeScreenshot(ScreenshotHandler.java:38)
	at vivo.test.login.LoginPj.testAcessarMenusLateralEsq(LoginPj.java:74)
	at sun.reflect.NativeMethodAccessorImpl.invoke0(Native Method)
	at sun.reflect.NativeMethodAccessorImpl.invoke(NativeMethodAccessorImpl.java:62)
	at sun.reflect.DelegatingMethodAccessorImpl.invoke(DelegatingMethodAccessorImpl.java:43)
	at java.lang.reflect.Method.invoke(Method.java:498)
	at org.junit.runners.model.FrameworkMethod$1.runReflectiveCall(FrameworkMethod.java:50)
	at org.junit.internal.runners.model.ReflectiveCallable.run(ReflectiveCallable.java:12)
	at org.junit.runners.model.FrameworkMethod.invokeExplosively(FrameworkMethod.java:47)
	at org.junit.internal.runners.statements.InvokeMethod.evaluate(InvokeMethod.java:17)
	at org.junit.internal.runners.statements.RunBefores.evaluate(RunBefores.java:26)
	at org.junit.internal.runners.statements.RunAfters.evaluate(RunAfters.java:27)
	at org.junit.runners.ParentRunner.runLeaf(ParentRunner.java:325)
	at org.junit.runners.BlockJUnit4ClassRunner.runChild(BlockJUnit4ClassRunner.java:78)
	at org.junit.runners.BlockJUnit4ClassRunner.runChild(BlockJUnit4ClassRunner.java:57)
	at org.junit.runners.ParentRunner$3.run(ParentRunner.java:290)
	at org.junit.runners.ParentRunner$1.schedule(ParentRunner.java:71)
	at org.junit.runners.ParentRunner.runChildren(ParentRunner.java:288)
	at org.junit.runners.ParentRunner.access$000(ParentRunner.java:58)
	at org.junit.runners.ParentRunner$2.evaluate(ParentRunner.java:268)
	at org.junit.internal.runners.statements.RunBefores.evaluate(RunBefores.java:26)
	at org.junit.internal.runners.statements.RunAfters.evaluate(RunAfters.java:27)
	at org.junit.runners.ParentRunner.run(ParentRunner.java:363)
	at org.junit.runners.Suite.runChild(Suite.java:128)
	at org.junit.runners.Suite.runChild(Suite.java:27)
	at org.junit.runners.ParentRunner$3.run(ParentRunner.java:290)
	at org.junit.runners.ParentRunner$1.schedule(ParentRunner.java:71)
	at org.junit.runners.ParentRunner.runChildren(ParentRunner.java:288)
	at org.junit.runners.ParentRunner.access$000(ParentRunner.java:58)
	at org.junit.runners.ParentRunner$2.evaluate(ParentRunner.java:268)
	at org.junit.runners.ParentRunner.run(ParentRunner.java:363)
	at org.eclipse.jdt.internal.junit4.runner.JUnit4TestReference.run(JUnit4TestReference.java:86)
	at org.eclipse.jdt.internal.junit.runner.TestExecution.run(TestExecution.java:38)
	at org.eclipse.jdt.internal.junit.runner.RemoteTestRunner.runTests(RemoteTestRunner.java:459)
	at org.eclipse.jdt.internal.junit.runner.RemoteTestRunner.runTests(RemoteTestRunner.java:678)
	at org.eclipse.jdt.internal.junit.runner.RemoteTestRunner.run(RemoteTestRunner.java:382)
	at org.eclipse.jdt.internal.junit.runner.RemoteTestRunner.main(RemoteTestRunner.java:192)
2017-07-10 10:24:35,909  INFO [main] TST - Preenchendo estado
2017-07-10 10:24:35,904 ERROR [main] Erro ao salvar o screenshot.
org.openqa.selenium.WebDriverException: chrome not reachable
  (Session info: chrome=59.0.3071.115)
  (Driver info: chromedriver=2.29.461591 (62ebf098771772160f391d75e589dc567915b233),platform=Windows NT 6.1.7601 SP1 x86_64) (WARNING: The server did not provide any stacktrace information)
Command duration or timeout: 2.04 seconds
Build info: version: '2.47.1', revision: '411b314', time: '2015-07-30 02:56:46'
System info: host: 'MW7J82AUMFVA03', ip: '192.168.56.1', os.name: 'Windows 7', os.arch: 'amd64', os.version: '6.1', java.version: '1.8.0_111'
Driver info: org.openqa.selenium.chrome.ChromeDriver
Capabilities [{applicationCacheEnabled=false, rotatable=false, mobileEmulationEnabled=false, networkConnectionEnabled=false, chrome={chromedriverVersion=2.29.461591 (62ebf098771772160f391d75e589dc567915b233), userDataDir=C:\Users\SARATA~1.DUT\AppData\Local\Temp\scoped_dir16792_17324}, takesHeapSnapshot=true, pageLoadStrategy=normal, databaseEnabled=false, handlesAlerts=true, hasTouchScreen=false, version=59.0.3071.115, platform=XP, browserConnectionEnabled=false, nativeEvents=true, acceptSslCerts=true, locationContextEnabled=true, webStorageEnabled=true, browserName=chrome, takesScreenshot=true, javascriptEnabled=true, cssSelectorsEnabled=true, unexpectedAlertBehaviour=}]
Session ID: 93a4c56eacca3b230d05c18b9d8522e1
	at sun.reflect.NativeConstructorAccessorImpl.newInstance0(Native Method)
	at sun.reflect.NativeConstructorAccessorImpl.newInstance(NativeConstructorAccessorImpl.java:62)
	at sun.reflect.DelegatingConstructorAccessorImpl.newInstance(DelegatingConstructorAccessorImpl.java:45)
	at java.lang.reflect.Constructor.newInstance(Constructor.java:423)
	at org.openqa.selenium.remote.ErrorHandler.createThrowable(ErrorHandler.java:206)
	at org.openqa.selenium.remote.ErrorHandler.throwIfResponseFailed(ErrorHandler.java:158)
	at org.openqa.selenium.remote.RemoteWebDriver.execute(RemoteWebDriver.java:595)
	at org.openqa.selenium.remote.RemoteWebDriver.execute(RemoteWebDriver.java:618)
	at org.openqa.selenium.remote.RemoteWebDriver.getScreenshotAs(RemoteWebDriver.java:320)
	at vivo.base.ScreenshotHandler.takeScreenshot(ScreenshotHandler.java:50)
	at vivo.base.ScreenshotHandler.takeScreenshot(ScreenshotHandler.java:38)
	at vivo.test.login.LoginPj.testAcessarMenusLateralEsq(LoginPj.java:74)
	at sun.reflect.NativeMethodAccessorImpl.invoke0(Native Method)
	at sun.reflect.NativeMethodAccessorImpl.invoke(NativeMethodAccessorImpl.java:62)
	at sun.reflect.DelegatingMethodAccessorImpl.invoke(DelegatingMethodAccessorImpl.java:43)
	at java.lang.reflect.Method.invoke(Method.java:498)
	at org.junit.runners.model.FrameworkMethod$1.runReflectiveCall(FrameworkMethod.java:50)
	at org.junit.internal.runners.model.ReflectiveCallable.run(ReflectiveCallable.java:12)
	at org.junit.runners.model.FrameworkMethod.invokeExplosively(FrameworkMethod.java:47)
	at org.junit.internal.runners.statements.InvokeMethod.evaluate(InvokeMethod.java:17)
	at org.junit.internal.runners.statements.RunBefores.evaluate(RunBefores.java:26)
	at org.junit.internal.runners.statements.RunAfters.evaluate(RunAfters.java:27)
	at org.junit.runners.ParentRunner.runLeaf(ParentRunner.java:325)
	at org.junit.runners.BlockJUnit4ClassRunner.runChild(BlockJUnit4ClassRunner.java:78)
	at org.junit.runners.BlockJUnit4ClassRunner.runChild(BlockJUnit4ClassRunner.java:57)
	at org.junit.runners.ParentRunner$3.run(ParentRunner.java:290)
	at org.junit.runners.ParentRunner$1.schedule(ParentRunner.java:71)
	at org.junit.runners.ParentRunner.runChildren(ParentRunner.java:288)
	at org.junit.runners.ParentRunner.access$000(ParentRunner.java:58)
	at org.junit.runners.ParentRunner$2.evaluate(ParentRunner.java:268)
	at org.junit.internal.runners.statements.RunBefores.evaluate(RunBefores.java:26)
	at org.junit.internal.runners.statements.RunAfters.evaluate(RunAfters.java:27)
	at org.junit.runners.ParentRunner.run(ParentRunner.java:363)
	at org.junit.runners.Suite.runChild(Suite.java:128)
	at org.junit.runners.Suite.runChild(Suite.java:27)
	at org.junit.runners.ParentRunner$3.run(ParentRunner.java:290)
	at org.junit.runners.ParentRunner$1.schedule(ParentRunner.java:71)
	at org.junit.runners.ParentRunner.runChildren(ParentRunner.java:288)
	at org.junit.runners.ParentRunner.access$000(ParentRunner.java:58)
	at org.junit.runners.ParentRunner$2.evaluate(ParentRunner.java:268)
	at org.junit.runners.ParentRunner.run(ParentRunner.java:363)
	at org.eclipse.jdt.internal.junit4.runner.JUnit4TestReference.run(JUnit4TestReference.java:86)
	at org.eclipse.jdt.internal.junit.runner.TestExecution.run(TestExecution.java:38)
	at org.eclipse.jdt.internal.junit.runner.RemoteTestRunner.runTests(RemoteTestRunner.java:459)
	at org.eclipse.jdt.internal.junit.runner.RemoteTestRunner.runTests(RemoteTestRunner.java:678)
	at org.eclipse.jdt.internal.junit.runner.RemoteTestRunner.run(RemoteTestRunner.java:382)
	at org.eclipse.jdt.internal.junit.runner.RemoteTestRunner.main(RemoteTestRunner.java:192)
2017-07-10 10:24:35,909  INFO [main] TST - Preenchendo estado
2017-07-10 10:24:39,131  INFO [main] ERRO ========> org.openqa.selenium.WebDriverException: chrome not reachable
  (Session info: chrome=59.0.3071.115)
  (Driver info: chromedriver=2.29.461591 (62ebf098771772160f391d75e589dc567915b233),platform=Windows NT 6.1.7601 SP1 x86_64) (WARNING: The server did not provide any stacktrace information)
Command duration or timeout: 3.22 seconds
Build info: version: '2.47.1', revision: '411b314', time: '2015-07-30 02:56:46'
System info: host: 'MW7J82AUMFVA03', ip: '192.168.56.1', os.name: 'Windows 7', os.arch: 'amd64', os.version: '6.1', java.version: '1.8.0_111'
Driver info: org.openqa.selenium.chrome.ChromeDriver
Capabilities [{applicationCacheEnabled=false, rotatable=false, mobileEmulationEnabled=false, networkConnectionEnabled=false, chrome={chromedriverVersion=2.29.461591 (62ebf098771772160f391d75e589dc567915b233), userDataDir=C:\Users\SARATA~1.DUT\AppData\Local\Temp\scoped_dir16792_17324}, takesHeapSnapshot=true, pageLoadStrategy=normal, databaseEnabled=false, handlesAlerts=true, hasTouchScreen=false, version=59.0.3071.115, platform=XP, browserConnectionEnabled=false, nativeEvents=true, acceptSslCerts=true, locationContextEnabled=true, webStorageEnabled=true, browserName=chrome, takesScreenshot=true, javascriptEnabled=true, cssSelectorsEnabled=true, unexpectedAlertBehaviour=}]
Session ID: 93a4c56eacca3b230d05c18b9d8522e1
*** Element info: {Using=id, value=campoRegional}
2017-07-10 10:24:39,131  INFO [main] TST -Preenchendo Login (CNPJ)
2017-07-10 10:24:39,131  INFO [main] ERRO ========> org.openqa.selenium.WebDriverException: chrome not reachable
  (Session info: chrome=59.0.3071.115)
  (Driver info: chromedriver=2.29.461591 (62ebf098771772160f391d75e589dc567915b233),platform=Windows NT 6.1.7601 SP1 x86_64) (WARNING: The server did not provide any stacktrace information)
Command duration or timeout: 3.22 seconds
Build info: version: '2.47.1', revision: '411b314', time: '2015-07-30 02:56:46'
System info: host: 'MW7J82AUMFVA03', ip: '192.168.56.1', os.name: 'Windows 7', os.arch: 'amd64', os.version: '6.1', java.version: '1.8.0_111'
Driver info: org.openqa.selenium.chrome.ChromeDriver
Capabilities [{applicationCacheEnabled=false, rotatable=false, mobileEmulationEnabled=false, networkConnectionEnabled=false, chrome={chromedriverVersion=2.29.461591 (62ebf098771772160f391d75e589dc567915b233), userDataDir=C:\Users\SARATA~1.DUT\AppData\Local\Temp\scoped_dir16792_17324}, takesHeapSnapshot=true, pageLoadStrategy=normal, databaseEnabled=false, handlesAlerts=true, hasTouchScreen=false, version=59.0.3071.115, platform=XP, browserConnectionEnabled=false, nativeEvents=true, acceptSslCerts=true, locationContextEnabled=true, webStorageEnabled=true, browserName=chrome, takesScreenshot=true, javascriptEnabled=true, cssSelectorsEnabled=true, unexpectedAlertBehaviour=}]
Session ID: 93a4c56eacca3b230d05c18b9d8522e1
*** Element info: {Using=id, value=campoRegional}
2017-07-10 10:24:39,131  INFO [main] TST -Preenchendo Login (CNPJ)
