2017-05-22 09:01:48,968  INFO [main] TST - Abrindo a tela inicial
2017-05-22 09:01:48,968  INFO [main] TST - Abrindo a tela inicial
2017-05-22 09:05:23,857  INFO [main] ---------------------------------------------------------
2017-05-22 09:05:23,857  INFO [main] 
2017-05-22 09:05:23,857  INFO [main] ---------------------------------------------------------
2017-05-22 09:05:23,857  INFO [main] 
2017-05-22 09:05:23,858  INFO [main] * 22/05/2017 09:05:23 EXECUTANDO => testLogar
2017-05-22 09:05:23,858  INFO [main] 
2017-05-22 09:05:23,858  INFO [main] ---------------------------------------------------------
2017-05-22 09:05:23,858  INFO [main] * 22/05/2017 09:05:23 EXECUTANDO => testLogar
2017-05-22 09:05:23,858  INFO [main] 
2017-05-22 09:05:23,858  INFO [main] ---------------------------------------------------------
2017-05-22 09:05:24,185  INFO [main] Screenshot: D:\Teste_Ambiente\integration-test\null\screenshot-2017.05.22-090524.png
2017-05-22 09:05:24,185  INFO [main] Screenshot: D:\Teste_Ambiente\integration-test\null\screenshot-2017.05.22-090524.png
2017-05-22 09:05:24,434  INFO [main] Screenshot: D:\Teste_Ambiente\integration-test\null\screenshot-2017.05.22-090524.png
2017-05-22 09:05:24,434  INFO [main] Screenshot: D:\Teste_Ambiente\integration-test\null\screenshot-2017.05.22-090524.png
2017-05-22 09:05:24,610  INFO [main] TST - Preenchendo estado
2017-05-22 09:05:24,610  INFO [main] TST - Preenchendo estado
2017-05-22 09:05:25,008  INFO [main] TST - Selecionando estado
2017-05-22 09:05:25,008  INFO [main] TST - Selecionando estado
2017-05-22 09:05:26,777  INFO [main] TST - Selecionando opÁ„o 'Sou cliente vivo' 
2017-05-22 09:05:26,777  INFO [main] TST - Selecionando opÁ„o 'Sou cliente vivo' 
2017-05-22 09:09:00,535  INFO [main] Screenshot: D:\Teste_Ambiente\integration-test\null\screenshot-2017.05.22-090900.png
2017-05-22 09:09:00,535  INFO [main] Screenshot: D:\Teste_Ambiente\integration-test\null\screenshot-2017.05.22-090900.png
2017-05-22 09:09:00,819  INFO [main] TST - Preencher Login 
2017-05-22 09:09:00,819  INFO [main] TST - Preencher Login 
2017-05-22 09:09:01,229  INFO [main] TST -Preenchendo Senha
2017-05-22 09:09:01,229  INFO [main] TST -Preenchendo Senha
2017-05-22 09:09:01,587  INFO [main] Screenshot: D:\Teste_Ambiente\integration-test\null\screenshot-2017.05.22-090901.png
2017-05-22 09:09:01,587  INFO [main] Screenshot: D:\Teste_Ambiente\integration-test\null\screenshot-2017.05.22-090901.png
2017-05-22 09:09:01,857  INFO [main] TST -Preenchendo Senha
2017-05-22 09:09:01,857  INFO [main] TST -Preenchendo Senha
2017-05-22 09:09:04,027  INFO [main] Screenshot: D:\Teste_Ambiente\integration-test\null\screenshot-2017.05.22-090904.png
2017-05-22 09:09:04,027  INFO [main] Screenshot: D:\Teste_Ambiente\integration-test\null\screenshot-2017.05.22-090904.png
2017-05-22 09:55:08,987  INFO [main] TST - Abrindo a tela inicial
2017-05-22 09:55:08,987  INFO [main] TST - Abrindo a tela inicial
2017-05-22 09:55:56,499  INFO [main] ---------------------------------------------------------
2017-05-22 09:55:56,499  INFO [main] 
2017-05-22 09:55:56,499  INFO [main] ---------------------------------------------------------
2017-05-22 09:55:56,499  INFO [main] 
2017-05-22 09:55:56,499  INFO [main] * 22/05/2017 09:55:56 EXECUTANDO => testLogar
2017-05-22 09:55:56,500  INFO [main] 
2017-05-22 09:55:56,499  INFO [main] * 22/05/2017 09:55:56 EXECUTANDO => testLogar
2017-05-22 09:55:56,500  INFO [main] ---------------------------------------------------------
2017-05-22 09:55:56,500  INFO [main] 
2017-05-22 09:55:56,500  INFO [main] ---------------------------------------------------------
2017-05-22 09:55:56,504  INFO [main] Screenshot: D:\Teste_Ambiente\integration-test\null\screenshot-2017.05.22-095556.png
2017-05-22 09:55:56,504  INFO [main] Screenshot: D:\Teste_Ambiente\integration-test\null\screenshot-2017.05.22-095556.png
2017-05-22 09:55:56,695  INFO [main] Screenshot: D:\Teste_Ambiente\integration-test\null\screenshot-2017.05.22-095556.png
2017-05-22 09:55:56,695  INFO [main] Screenshot: D:\Teste_Ambiente\integration-test\null\screenshot-2017.05.22-095556.png
2017-05-22 09:55:56,850  INFO [main] TST - Preenchendo estado
2017-05-22 09:55:56,850  INFO [main] TST - Preenchendo estado
2017-05-22 09:55:57,141  INFO [main] TST - Selecionando estado
2017-05-22 09:55:57,141  INFO [main] TST - Selecionando estado
2017-05-22 09:55:58,863  INFO [main] TST - Selecionando opÁ„o 'Sou cliente vivo' 
2017-05-22 09:55:58,863  INFO [main] TST - Selecionando opÁ„o 'Sou cliente vivo' 
2017-05-22 10:29:13,402  INFO [main] TST - Abrindo a tela inicial
2017-05-22 10:29:13,402  INFO [main] TST - Abrindo a tela inicial
2017-05-22 10:30:00,661  INFO [main] ---------------------------------------------------------
2017-05-22 10:30:00,661  INFO [main] 
2017-05-22 10:30:00,661  INFO [main] ---------------------------------------------------------
2017-05-22 10:30:00,661  INFO [main] 
2017-05-22 10:30:00,661  INFO [main] * 22/05/2017 10:30:00 EXECUTANDO => testLogar
2017-05-22 10:30:00,661  INFO [main] 
2017-05-22 10:30:00,662  INFO [main] ---------------------------------------------------------
2017-05-22 10:30:00,661  INFO [main] * 22/05/2017 10:30:00 EXECUTANDO => testLogar
2017-05-22 10:30:00,661  INFO [main] 
2017-05-22 10:30:00,662  INFO [main] ---------------------------------------------------------
2017-05-22 10:30:00,666  INFO [main] Screenshot: D:\Teste_Ambiente\integration-test\null\screenshot-2017.05.22-103000.png
2017-05-22 10:30:00,666  INFO [main] Screenshot: D:\Teste_Ambiente\integration-test\null\screenshot-2017.05.22-103000.png
2017-05-22 10:30:00,935  INFO [main] Screenshot: D:\Teste_Ambiente\integration-test\null\screenshot-2017.05.22-103000.png
2017-05-22 10:30:00,935  INFO [main] Screenshot: D:\Teste_Ambiente\integration-test\null\screenshot-2017.05.22-103000.png
2017-05-22 10:30:01,073  INFO [main] TST - Preenchendo estado
2017-05-22 10:30:01,073  INFO [main] TST - Preenchendo estado
2017-05-22 10:30:01,491  INFO [main] TST - Selecionando estado
2017-05-22 10:30:01,491  INFO [main] TST - Selecionando estado
2017-05-22 10:30:03,245  INFO [main] TST - Selecionando opÁ„o 'Sou cliente vivo' 
2017-05-22 10:30:03,245  INFO [main] TST - Selecionando opÁ„o 'Sou cliente vivo' 
2017-05-22 10:40:01,408  INFO [main] TST - Abrindo a tela inicial
2017-05-22 10:40:01,408  INFO [main] TST - Abrindo a tela inicial
2017-05-22 10:43:35,657  INFO [main] ---------------------------------------------------------
2017-05-22 10:43:35,657  INFO [main] 
2017-05-22 10:43:35,657  INFO [main] ---------------------------------------------------------
2017-05-22 10:43:35,657  INFO [main] 
2017-05-22 10:43:35,657  INFO [main] * 22/05/2017 10:43:35 EXECUTANDO => testLogar
2017-05-22 10:43:35,658  INFO [main] 
2017-05-22 10:43:35,657  INFO [main] * 22/05/2017 10:43:35 EXECUTANDO => testLogar
2017-05-22 10:43:35,658  INFO [main] 
2017-05-22 10:43:35,658  INFO [main] ---------------------------------------------------------
2017-05-22 10:43:35,658  INFO [main] ---------------------------------------------------------
2017-05-22 10:43:35,662  INFO [main] Screenshot: D:\Teste_Ambiente\integration-test\null\screenshot-2017.05.22-104335.png
2017-05-22 10:43:35,662  INFO [main] Screenshot: D:\Teste_Ambiente\integration-test\null\screenshot-2017.05.22-104335.png
2017-05-22 10:43:35,949  INFO [main] Screenshot: D:\Teste_Ambiente\integration-test\null\screenshot-2017.05.22-104335.png
2017-05-22 10:43:35,949  INFO [main] Screenshot: D:\Teste_Ambiente\integration-test\null\screenshot-2017.05.22-104335.png
2017-05-22 10:43:36,122  INFO [main] TST - Preenchendo estado
2017-05-22 10:43:36,122  INFO [main] TST - Preenchendo estado
2017-05-22 10:43:36,488  INFO [main] TST - Selecionando estado
2017-05-22 10:43:36,488  INFO [main] TST - Selecionando estado
2017-05-22 10:43:38,223  INFO [main] TST - Selecionando opÁ„o 'Sou cliente vivo' 
2017-05-22 10:43:38,223  INFO [main] TST - Selecionando opÁ„o 'Sou cliente vivo' 
2017-05-22 10:47:10,344  INFO [main] Screenshot: D:\Teste_Ambiente\integration-test\null\screenshot-2017.05.22-104710.png
2017-05-22 10:47:10,344  INFO [main] Screenshot: D:\Teste_Ambiente\integration-test\null\screenshot-2017.05.22-104710.png
2017-05-22 10:47:10,621  INFO [main] TST - Preencher Login 
2017-05-22 10:47:10,621  INFO [main] TST - Preencher Login 
2017-05-22 10:47:10,996  INFO [main] TST -Preenchendo Senha
2017-05-22 10:47:10,996  INFO [main] TST -Preenchendo Senha
2017-05-22 10:47:11,294  INFO [main] Screenshot: D:\Teste_Ambiente\integration-test\null\screenshot-2017.05.22-104711.png
2017-05-22 10:47:11,294  INFO [main] Screenshot: D:\Teste_Ambiente\integration-test\null\screenshot-2017.05.22-104711.png
2017-05-22 10:47:11,551  INFO [main] TST -Preenchendo Senha
2017-05-22 10:47:11,551  INFO [main] TST -Preenchendo Senha
2017-05-22 10:47:13,735  INFO [main] Screenshot: D:\Teste_Ambiente\integration-test\null\screenshot-2017.05.22-104713.png
2017-05-22 10:47:13,735  INFO [main] Screenshot: D:\Teste_Ambiente\integration-test\null\screenshot-2017.05.22-104713.png
2017-05-22 10:49:09,903  INFO [main] TST - Abrindo a tela inicial
2017-05-22 10:49:09,903  INFO [main] TST - Abrindo a tela inicial
2017-05-22 10:49:57,035  INFO [main] ---------------------------------------------------------
2017-05-22 10:49:57,035  INFO [main] 
2017-05-22 10:49:57,035  INFO [main] ---------------------------------------------------------
2017-05-22 10:49:57,035  INFO [main] 
2017-05-22 10:49:57,036  INFO [main] * 22/05/2017 10:49:57 EXECUTANDO => testLogar
2017-05-22 10:49:57,036  INFO [main] 
2017-05-22 10:49:57,036  INFO [main] * 22/05/2017 10:49:57 EXECUTANDO => testLogar
2017-05-22 10:49:57,036  INFO [main] ---------------------------------------------------------
2017-05-22 10:49:57,036  INFO [main] 
2017-05-22 10:49:57,036  INFO [main] ---------------------------------------------------------
2017-05-22 10:49:57,040  INFO [main] Screenshot: D:\Teste_Ambiente\integration-test\null\screenshot-2017.05.22-104957.png
2017-05-22 10:49:57,040  INFO [main] Screenshot: D:\Teste_Ambiente\integration-test\null\screenshot-2017.05.22-104957.png
2017-05-22 10:49:57,239  INFO [main] Screenshot: D:\Teste_Ambiente\integration-test\null\screenshot-2017.05.22-104957.png
2017-05-22 10:49:57,239  INFO [main] Screenshot: D:\Teste_Ambiente\integration-test\null\screenshot-2017.05.22-104957.png
2017-05-22 10:49:57,389  INFO [main] TST - Preenchendo estado
2017-05-22 10:49:57,389  INFO [main] TST - Preenchendo estado
2017-05-22 10:49:57,682  INFO [main] TST - Selecionando estado
2017-05-22 10:49:57,682  INFO [main] TST - Selecionando estado
2017-05-22 10:49:59,370  INFO [main] TST - Selecionando opÁ„o 'Sou cliente vivo' 
2017-05-22 10:49:59,370  INFO [main] TST - Selecionando opÁ„o 'Sou cliente vivo' 
2017-05-22 10:50:44,640  INFO [main] Screenshot: D:\Teste_Ambiente\integration-test\null\screenshot-2017.05.22-105044.png
2017-05-22 10:50:44,640  INFO [main] Screenshot: D:\Teste_Ambiente\integration-test\null\screenshot-2017.05.22-105044.png
2017-05-22 10:50:44,853  INFO [main] TST - Preencher Login 
2017-05-22 10:50:44,853  INFO [main] TST - Preencher Login 
2017-05-22 10:50:45,152  INFO [main] TST -Preenchendo Senha
2017-05-22 10:50:45,152  INFO [main] TST -Preenchendo Senha
2017-05-22 11:03:08,992  INFO [main] TST - Abrindo a tela inicial
2017-05-22 11:03:08,992  INFO [main] TST - Abrindo a tela inicial
2017-05-22 11:03:58,900  INFO [main] ---------------------------------------------------------
2017-05-22 11:03:58,900  INFO [main] 
2017-05-22 11:03:58,900  INFO [main] ---------------------------------------------------------
2017-05-22 11:03:58,900  INFO [main] 
2017-05-22 11:03:58,900  INFO [main] * 22/05/2017 11:03:58 EXECUTANDO => testLogar
2017-05-22 11:03:58,901  INFO [main] 
2017-05-22 11:03:58,900  INFO [main] * 22/05/2017 11:03:58 EXECUTANDO => testLogar
2017-05-22 11:03:58,901  INFO [main] ---------------------------------------------------------
2017-05-22 11:03:58,901  INFO [main] 
2017-05-22 11:03:58,901  INFO [main] ---------------------------------------------------------
2017-05-22 11:03:58,906  INFO [main] Screenshot: D:\Teste_Ambiente\integration-test\null\screenshot-2017.05.22-110358.png
2017-05-22 11:03:58,906  INFO [main] Screenshot: D:\Teste_Ambiente\integration-test\null\screenshot-2017.05.22-110358.png
2017-05-22 11:03:59,116  INFO [main] Screenshot: D:\Teste_Ambiente\integration-test\null\screenshot-2017.05.22-110359.png
2017-05-22 11:03:59,116  INFO [main] Screenshot: D:\Teste_Ambiente\integration-test\null\screenshot-2017.05.22-110359.png
2017-05-22 11:03:59,261  INFO [main] TST - Preenchendo estado
2017-05-22 11:03:59,261  INFO [main] TST - Preenchendo estado
2017-05-22 11:03:59,616  INFO [main] TST - Selecionando estado
2017-05-22 11:03:59,616  INFO [main] TST - Selecionando estado
2017-05-22 11:04:01,323  INFO [main] TST - Selecionando opÁ„o 'Sou cliente vivo' 
2017-05-22 11:04:01,323  INFO [main] TST - Selecionando opÁ„o 'Sou cliente vivo' 
2017-05-22 11:04:46,422  INFO [main] Screenshot: D:\Teste_Ambiente\integration-test\null\screenshot-2017.05.22-110446.png
2017-05-22 11:04:46,422  INFO [main] Screenshot: D:\Teste_Ambiente\integration-test\null\screenshot-2017.05.22-110446.png
2017-05-22 11:04:46,609  INFO [main] TST -Preenchendo Senha
2017-05-22 11:04:46,609  INFO [main] TST -Preenchendo Senha
2017-05-22 11:04:46,902  INFO [main] TST - Clicando no bot„o continuar
2017-05-22 11:04:46,902  INFO [main] TST - Clicando no bot„o continuar
2017-05-22 11:04:47,106  INFO [main] TST -Preenchendo Senha
2017-05-22 11:04:47,106  INFO [main] TST -Preenchendo Senha
2017-05-22 11:30:38,639  INFO [main] TST - Abrindo a tela inicial
2017-05-22 11:30:38,639  INFO [main] TST - Abrindo a tela inicial
2017-05-22 11:31:26,144  INFO [main] ---------------------------------------------------------
2017-05-22 11:31:26,144  INFO [main] 
2017-05-22 11:31:26,144  INFO [main] ---------------------------------------------------------
2017-05-22 11:31:26,144  INFO [main] 
2017-05-22 11:31:26,144  INFO [main] * 22/05/2017 11:31:26 EXECUTANDO => testLogar
2017-05-22 11:31:26,144  INFO [main] 
2017-05-22 11:31:26,144  INFO [main] * 22/05/2017 11:31:26 EXECUTANDO => testLogar
2017-05-22 11:31:26,145  INFO [main] ---------------------------------------------------------
2017-05-22 11:31:26,144  INFO [main] 
2017-05-22 11:31:26,145  INFO [main] ---------------------------------------------------------
2017-05-22 11:31:26,150  INFO [main] Screenshot: D:\Teste_Ambiente\integration-test\null\screenshot-2017.05.22-113126.png
2017-05-22 11:31:26,150  INFO [main] Screenshot: D:\Teste_Ambiente\integration-test\null\screenshot-2017.05.22-113126.png
2017-05-22 11:31:26,346  INFO [main] Screenshot: D:\Teste_Ambiente\integration-test\null\screenshot-2017.05.22-113126.png
2017-05-22 11:31:26,346  INFO [main] Screenshot: D:\Teste_Ambiente\integration-test\null\screenshot-2017.05.22-113126.png
2017-05-22 11:31:26,485  INFO [main] TST - Preenchendo estado
2017-05-22 11:31:26,485  INFO [main] TST - Preenchendo estado
2017-05-22 11:31:26,809  INFO [main] TST - Selecionando estado
2017-05-22 11:31:26,809  INFO [main] TST - Selecionando estado
2017-05-22 11:31:28,513  INFO [main] TST - Selecionando opÁ„o 'Sou cliente vivo' 
2017-05-22 11:31:28,513  INFO [main] TST - Selecionando opÁ„o 'Sou cliente vivo' 
2017-05-22 11:32:14,376  INFO [main] Screenshot: D:\Teste_Ambiente\integration-test\null\screenshot-2017.05.22-113214.png
2017-05-22 11:32:14,376  INFO [main] Screenshot: D:\Teste_Ambiente\integration-test\null\screenshot-2017.05.22-113214.png
2017-05-22 11:32:14,545  INFO [main] TST -Preenchendo Senha
2017-05-22 11:32:14,545  INFO [main] TST -Preenchendo Senha
2017-05-22 11:32:14,825  INFO [main] TST - Clicando no bot„o continuar
2017-05-22 11:32:14,825  INFO [main] TST - Clicando no bot„o continuar
2017-05-22 11:32:14,978  INFO [main] TST -Preenchendo Senha
2017-05-22 11:32:14,978  INFO [main] TST -Preenchendo Senha
2017-05-22 11:34:54,997  INFO [main] TST - Abrindo a tela inicial
2017-05-22 11:34:54,997  INFO [main] TST - Abrindo a tela inicial
2017-05-22 11:35:40,251  INFO [main] ---------------------------------------------------------
2017-05-22 11:35:40,251  INFO [main] 
2017-05-22 11:35:40,251  INFO [main] ---------------------------------------------------------
2017-05-22 11:35:40,251  INFO [main] 
2017-05-22 11:35:40,251  INFO [main] * 22/05/2017 11:35:40 EXECUTANDO => testLogar
2017-05-22 11:35:40,252  INFO [main] 
2017-05-22 11:35:40,251  INFO [main] * 22/05/2017 11:35:40 EXECUTANDO => testLogar
2017-05-22 11:35:40,252  INFO [main] ---------------------------------------------------------
2017-05-22 11:35:40,252  INFO [main] 
2017-05-22 11:35:40,252  INFO [main] ---------------------------------------------------------
2017-05-22 11:35:40,257  INFO [main] Screenshot: D:\Teste_Ambiente\integration-test\null\screenshot-2017.05.22-113540.png
2017-05-22 11:35:40,257  INFO [main] Screenshot: D:\Teste_Ambiente\integration-test\null\screenshot-2017.05.22-113540.png
2017-05-22 11:35:40,513  INFO [main] Screenshot: D:\Teste_Ambiente\integration-test\null\screenshot-2017.05.22-113540.png
2017-05-22 11:35:40,513  INFO [main] Screenshot: D:\Teste_Ambiente\integration-test\null\screenshot-2017.05.22-113540.png
2017-05-22 11:35:40,655  INFO [main] TST - Preenchendo estado
2017-05-22 11:35:40,655  INFO [main] TST - Preenchendo estado
2017-05-22 11:35:40,983  INFO [main] TST - Selecionando estado
2017-05-22 11:35:40,983  INFO [main] TST - Selecionando estado
2017-05-22 11:35:42,749  INFO [main] TST - Selecionando opÁ„o 'Sou cliente vivo' 
2017-05-22 11:35:42,749  INFO [main] TST - Selecionando opÁ„o 'Sou cliente vivo' 
2017-05-22 11:36:28,419  INFO [main] Screenshot: D:\Teste_Ambiente\integration-test\null\screenshot-2017.05.22-113628.png
2017-05-22 11:36:28,419  INFO [main] Screenshot: D:\Teste_Ambiente\integration-test\null\screenshot-2017.05.22-113628.png
2017-05-22 11:36:28,669  INFO [main] TST -Preenchendo Senha
2017-05-22 11:36:28,669  INFO [main] TST -Preenchendo Senha
2017-05-22 11:36:28,957  INFO [main] TST - Clicando no bot„o continuar
2017-05-22 11:36:28,957  INFO [main] TST - Clicando no bot„o continuar
2017-05-22 11:36:29,132  INFO [main] TST -Preenchendo Senha
2017-05-22 11:36:29,132  INFO [main] TST -Preenchendo Senha
2017-05-22 11:37:48,470  INFO [main] TST - Abrindo a tela inicial
2017-05-22 11:37:48,470  INFO [main] TST - Abrindo a tela inicial
2017-05-22 11:38:33,927  INFO [main] ---------------------------------------------------------
2017-05-22 11:38:33,927  INFO [main] 
2017-05-22 11:38:33,927  INFO [main] ---------------------------------------------------------
2017-05-22 11:38:33,927  INFO [main] 
2017-05-22 11:38:33,927  INFO [main] * 22/05/2017 11:38:33 EXECUTANDO => testLogar
2017-05-22 11:38:33,928  INFO [main] 
2017-05-22 11:38:33,927  INFO [main] * 22/05/2017 11:38:33 EXECUTANDO => testLogar
2017-05-22 11:38:33,928  INFO [main] 
2017-05-22 11:38:33,928  INFO [main] ---------------------------------------------------------
2017-05-22 11:38:33,928  INFO [main] ---------------------------------------------------------
2017-05-22 11:38:33,932  INFO [main] Screenshot: D:\Teste_Ambiente\integration-test\null\screenshot-2017.05.22-113833.png
2017-05-22 11:38:33,932  INFO [main] Screenshot: D:\Teste_Ambiente\integration-test\null\screenshot-2017.05.22-113833.png
2017-05-22 11:38:34,182  INFO [main] Screenshot: D:\Teste_Ambiente\integration-test\null\screenshot-2017.05.22-113834.png
2017-05-22 11:38:34,182  INFO [main] Screenshot: D:\Teste_Ambiente\integration-test\null\screenshot-2017.05.22-113834.png
2017-05-22 11:38:34,345  INFO [main] TST - Preenchendo estado
2017-05-22 11:38:34,345  INFO [main] TST - Preenchendo estado
2017-05-22 11:38:34,708  INFO [main] TST - Selecionando estado
2017-05-22 11:38:34,708  INFO [main] TST - Selecionando estado
2017-05-22 11:38:36,478  INFO [main] TST - Selecionando opÁ„o 'Sou cliente vivo' 
2017-05-22 11:38:36,478  INFO [main] TST - Selecionando opÁ„o 'Sou cliente vivo' 
2017-05-22 11:39:21,748  INFO [main] Screenshot: D:\Teste_Ambiente\integration-test\null\screenshot-2017.05.22-113921.png
2017-05-22 11:39:21,748  INFO [main] Screenshot: D:\Teste_Ambiente\integration-test\null\screenshot-2017.05.22-113921.png
2017-05-22 11:39:21,991  INFO [main] TST -Preenchendo Senha
2017-05-22 11:39:21,991  INFO [main] TST -Preenchendo Senha
2017-05-22 11:39:22,344  INFO [main] TST - Clicando no bot„o continuar
2017-05-22 11:39:22,344  INFO [main] TST - Clicando no bot„o continuar
2017-05-22 11:39:24,547  INFO [main] TST -Preenchendo Senha
2017-05-22 11:39:24,547  INFO [main] TST -Preenchendo Senha
2017-05-22 11:39:24,837  INFO [main] Screenshot: D:\Teste_Ambiente\integration-test\null\screenshot-2017.05.22-113924.png
2017-05-22 11:39:24,837  INFO [main] Screenshot: D:\Teste_Ambiente\integration-test\null\screenshot-2017.05.22-113924.png
2017-05-22 11:39:25,008  INFO [main] TST - Clicando no bot„o entrar
2017-05-22 11:39:25,008  INFO [main] TST - Clicando no bot„o entrar
2017-05-22 11:39:27,171  INFO [main] Screenshot: D:\Teste_Ambiente\integration-test\null\screenshot-2017.05.22-113927.png
2017-05-22 11:39:27,171  INFO [main] Screenshot: D:\Teste_Ambiente\integration-test\null\screenshot-2017.05.22-113927.png
2017-05-22 12:39:47,515  INFO [main] TST - Abrindo a tela inicial
2017-05-22 12:39:47,515  INFO [main] TST - Abrindo a tela inicial
2017-05-22 12:40:33,531  INFO [main] ---------------------------------------------------------
2017-05-22 12:40:33,532  INFO [main] 
2017-05-22 12:40:33,531  INFO [main] ---------------------------------------------------------
2017-05-22 12:40:33,532  INFO [main] * 22/05/2017 12:40:33 EXECUTANDO => testLogar
2017-05-22 12:40:33,532  INFO [main] 
2017-05-22 12:40:33,532  INFO [main] 
2017-05-22 12:40:33,532  INFO [main] * 22/05/2017 12:40:33 EXECUTANDO => testLogar
2017-05-22 12:40:33,532  INFO [main] ---------------------------------------------------------
2017-05-22 12:40:33,532  INFO [main] 
2017-05-22 12:40:33,532  INFO [main] ---------------------------------------------------------
2017-05-22 12:40:33,538 ERROR [main] TST - Erro ao tentar carregar o arquivo de configura√ß√µes.
java.io.FileNotFoundException: test.properties (The system cannot find the file specified)
	at java.io.FileInputStream.open0(Native Method)
	at java.io.FileInputStream.open(FileInputStream.java:195)
	at java.io.FileInputStream.<init>(FileInputStream.java:138)
	at vivo.base.Context.getProperties(Context.java:38)
	at vivo.base.Context.<init>(Context.java:18)
	at vivo.base.Context.getInstance(Context.java:28)
	at vivo.base.ScreenshotHandler.takeScreenshot(ScreenshotHandler.java:24)
	at vivo.test.login.LoginPf.antes(LoginPf.java:39)
	at sun.reflect.NativeMethodAccessorImpl.invoke0(Native Method)
	at sun.reflect.NativeMethodAccessorImpl.invoke(NativeMethodAccessorImpl.java:62)
	at sun.reflect.DelegatingMethodAccessorImpl.invoke(DelegatingMethodAccessorImpl.java:43)
	at java.lang.reflect.Method.invoke(Method.java:498)
	at org.junit.runners.model.FrameworkMethod$1.runReflectiveCall(FrameworkMethod.java:50)
	at org.junit.internal.runners.model.ReflectiveCallable.run(ReflectiveCallable.java:12)
	at org.junit.runners.model.FrameworkMethod.invokeExplosively(FrameworkMethod.java:47)
	at org.junit.internal.runners.statements.RunBefores.evaluate(RunBefores.java:24)
	at org.junit.internal.runners.statements.RunAfters.evaluate(RunAfters.java:27)
	at org.junit.runners.ParentRunner.runLeaf(ParentRunner.java:325)
	at org.junit.runners.BlockJUnit4ClassRunner.runChild(BlockJUnit4ClassRunner.java:78)
	at org.junit.runners.BlockJUnit4ClassRunner.runChild(BlockJUnit4ClassRunner.java:57)
	at org.junit.runners.ParentRunner$3.run(ParentRunner.java:290)
	at org.junit.runners.ParentRunner$1.schedule(ParentRunner.java:71)
	at org.junit.runners.ParentRunner.runChildren(ParentRunner.java:288)
	at org.junit.runners.ParentRunner.access$000(ParentRunner.java:58)
	at org.junit.runners.ParentRunner$2.evaluate(ParentRunner.java:268)
	at org.junit.internal.runners.statements.RunBefores.evaluate(RunBefores.java:26)
	at org.junit.runners.ParentRunner.run(ParentRunner.java:363)
	at org.eclipse.jdt.internal.junit4.runner.JUnit4TestReference.run(JUnit4TestReference.java:86)
	at org.eclipse.jdt.internal.junit.runner.TestExecution.run(TestExecution.java:38)
	at org.eclipse.jdt.internal.junit.runner.RemoteTestRunner.runTests(RemoteTestRunner.java:459)
	at org.eclipse.jdt.internal.junit.runner.RemoteTestRunner.runTests(RemoteTestRunner.java:678)
	at org.eclipse.jdt.internal.junit.runner.RemoteTestRunner.run(RemoteTestRunner.java:382)
	at org.eclipse.jdt.internal.junit.runner.RemoteTestRunner.main(RemoteTestRunner.java:192)
2017-05-22 12:40:33,540  INFO [main] Screenshot: D:\Teste_Ambiente\integration-test\null\screenshot-2017.05.22-124033.png
2017-05-22 12:40:33,538 ERROR [main] TST - Erro ao tentar carregar o arquivo de configura√ß√µes.
java.io.FileNotFoundException: test.properties (The system cannot find the file specified)
	at java.io.FileInputStream.open0(Native Method)
	at java.io.FileInputStream.open(FileInputStream.java:195)
	at java.io.FileInputStream.<init>(FileInputStream.java:138)
	at vivo.base.Context.getProperties(Context.java:38)
	at vivo.base.Context.<init>(Context.java:18)
	at vivo.base.Context.getInstance(Context.java:28)
	at vivo.base.ScreenshotHandler.takeScreenshot(ScreenshotHandler.java:24)
	at vivo.test.login.LoginPf.antes(LoginPf.java:39)
	at sun.reflect.NativeMethodAccessorImpl.invoke0(Native Method)
	at sun.reflect.NativeMethodAccessorImpl.invoke(NativeMethodAccessorImpl.java:62)
	at sun.reflect.DelegatingMethodAccessorImpl.invoke(DelegatingMethodAccessorImpl.java:43)
	at java.lang.reflect.Method.invoke(Method.java:498)
	at org.junit.runners.model.FrameworkMethod$1.runReflectiveCall(FrameworkMethod.java:50)
	at org.junit.internal.runners.model.ReflectiveCallable.run(ReflectiveCallable.java:12)
	at org.junit.runners.model.FrameworkMethod.invokeExplosively(FrameworkMethod.java:47)
	at org.junit.internal.runners.statements.RunBefores.evaluate(RunBefores.java:24)
	at org.junit.internal.runners.statements.RunAfters.evaluate(RunAfters.java:27)
	at org.junit.runners.ParentRunner.runLeaf(ParentRunner.java:325)
	at org.junit.runners.BlockJUnit4ClassRunner.runChild(BlockJUnit4ClassRunner.java:78)
	at org.junit.runners.BlockJUnit4ClassRunner.runChild(BlockJUnit4ClassRunner.java:57)
	at org.junit.runners.ParentRunner$3.run(ParentRunner.java:290)
	at org.junit.runners.ParentRunner$1.schedule(ParentRunner.java:71)
	at org.junit.runners.ParentRunner.runChildren(ParentRunner.java:288)
	at org.junit.runners.ParentRunner.access$000(ParentRunner.java:58)
	at org.junit.runners.ParentRunner$2.evaluate(ParentRunner.java:268)
	at org.junit.internal.runners.statements.RunBefores.evaluate(RunBefores.java:26)
	at org.junit.runners.ParentRunner.run(ParentRunner.java:363)
	at org.eclipse.jdt.internal.junit4.runner.JUnit4TestReference.run(JUnit4TestReference.java:86)
	at org.eclipse.jdt.internal.junit.runner.TestExecution.run(TestExecution.java:38)
	at org.eclipse.jdt.internal.junit.runner.RemoteTestRunner.runTests(RemoteTestRunner.java:459)
	at org.eclipse.jdt.internal.junit.runner.RemoteTestRunner.runTests(RemoteTestRunner.java:678)
	at org.eclipse.jdt.internal.junit.runner.RemoteTestRunner.run(RemoteTestRunner.java:382)
	at org.eclipse.jdt.internal.junit.runner.RemoteTestRunner.main(RemoteTestRunner.java:192)
2017-05-22 12:40:33,540  INFO [main] Screenshot: D:\Teste_Ambiente\integration-test\null\screenshot-2017.05.22-124033.png
2017-05-22 12:40:33,747  INFO [main] Screenshot: D:\Teste_Ambiente\integration-test\null\screenshot-2017.05.22-124033.png
2017-05-22 12:40:33,747  INFO [main] Screenshot: D:\Teste_Ambiente\integration-test\null\screenshot-2017.05.22-124033.png
2017-05-22 12:40:33,902  INFO [main] TST - Preenchendo estado
2017-05-22 12:40:33,902  INFO [main] TST - Preenchendo estado
2017-05-22 12:40:34,255  INFO [main] TST - Selecionando estado
2017-05-22 12:40:34,255  INFO [main] TST - Selecionando estado
2017-05-22 12:40:35,988  INFO [main] TST - Selecionando opÁ„o 'Sou cliente vivo' 
2017-05-22 12:40:35,988  INFO [main] TST - Selecionando opÁ„o 'Sou cliente vivo' 
2017-05-22 13:17:21,884  INFO [main] TST - Abrindo a tela inicial
2017-05-22 13:17:21,884  INFO [main] TST - Abrindo a tela inicial
2017-05-22 13:18:14,127  INFO [main] ---------------------------------------------------------
2017-05-22 13:18:14,127  INFO [main] 
2017-05-22 13:18:14,127  INFO [main] ---------------------------------------------------------
2017-05-22 13:18:14,127  INFO [main] 
2017-05-22 13:18:14,128  INFO [main] * 22/05/2017 13:18:14 EXECUTANDO => testLogar
2017-05-22 13:18:14,128  INFO [main] 
2017-05-22 13:18:14,128  INFO [main] ---------------------------------------------------------
2017-05-22 13:18:14,128  INFO [main] * 22/05/2017 13:18:14 EXECUTANDO => testLogar
2017-05-22 13:18:14,128  INFO [main] 
2017-05-22 13:18:14,128  INFO [main] ---------------------------------------------------------
2017-05-22 13:18:14,133 ERROR [main] TST - Erro ao tentar carregar o arquivo de configura√ß√µes.
java.io.FileNotFoundException: test.properties (The system cannot find the file specified)
	at java.io.FileInputStream.open0(Native Method)
	at java.io.FileInputStream.open(FileInputStream.java:195)
	at java.io.FileInputStream.<init>(FileInputStream.java:138)
	at vivo.base.Context.getProperties(Context.java:38)
	at vivo.base.Context.<init>(Context.java:18)
	at vivo.base.Context.getInstance(Context.java:28)
	at vivo.base.ScreenshotHandler.takeScreenshot(ScreenshotHandler.java:24)
	at vivo.test.login.LoginPf.testLogar(LoginPf.java:42)
	at sun.reflect.NativeMethodAccessorImpl.invoke0(Native Method)
	at sun.reflect.NativeMethodAccessorImpl.invoke(NativeMethodAccessorImpl.java:62)
	at sun.reflect.DelegatingMethodAccessorImpl.invoke(DelegatingMethodAccessorImpl.java:43)
	at java.lang.reflect.Method.invoke(Method.java:498)
	at org.junit.runners.model.FrameworkMethod$1.runReflectiveCall(FrameworkMethod.java:50)
	at org.junit.internal.runners.model.ReflectiveCallable.run(ReflectiveCallable.java:12)
	at org.junit.runners.model.FrameworkMethod.invokeExplosively(FrameworkMethod.java:47)
	at org.junit.internal.runners.statements.InvokeMethod.evaluate(InvokeMethod.java:17)
	at org.junit.internal.runners.statements.RunAfters.evaluate(RunAfters.java:27)
	at org.junit.runners.ParentRunner.runLeaf(ParentRunner.java:325)
	at org.junit.runners.BlockJUnit4ClassRunner.runChild(BlockJUnit4ClassRunner.java:78)
	at org.junit.runners.BlockJUnit4ClassRunner.runChild(BlockJUnit4ClassRunner.java:57)
	at org.junit.runners.ParentRunner$3.run(ParentRunner.java:290)
	at org.junit.runners.ParentRunner$1.schedule(ParentRunner.java:71)
	at org.junit.runners.ParentRunner.runChildren(ParentRunner.java:288)
	at org.junit.runners.ParentRunner.access$000(ParentRunner.java:58)
	at org.junit.runners.ParentRunner$2.evaluate(ParentRunner.java:268)
	at org.junit.internal.runners.statements.RunBefores.evaluate(RunBefores.java:26)
	at org.junit.runners.ParentRunner.run(ParentRunner.java:363)
	at org.eclipse.jdt.internal.junit4.runner.JUnit4TestReference.run(JUnit4TestReference.java:86)
	at org.eclipse.jdt.internal.junit.runner.TestExecution.run(TestExecution.java:38)
	at org.eclipse.jdt.internal.junit.runner.RemoteTestRunner.runTests(RemoteTestRunner.java:459)
	at org.eclipse.jdt.internal.junit.runner.RemoteTestRunner.runTests(RemoteTestRunner.java:678)
	at org.eclipse.jdt.internal.junit.runner.RemoteTestRunner.run(RemoteTestRunner.java:382)
	at org.eclipse.jdt.internal.junit.runner.RemoteTestRunner.main(RemoteTestRunner.java:192)
2017-05-22 13:18:14,134  INFO [main] Screenshot: D:\Teste_Ambiente\integration-test\null\screenshot-2017.05.22-131814.png
2017-05-22 13:18:14,133 ERROR [main] TST - Erro ao tentar carregar o arquivo de configura√ß√µes.
java.io.FileNotFoundException: test.properties (The system cannot find the file specified)
	at java.io.FileInputStream.open0(Native Method)
	at java.io.FileInputStream.open(FileInputStream.java:195)
	at java.io.FileInputStream.<init>(FileInputStream.java:138)
	at vivo.base.Context.getProperties(Context.java:38)
	at vivo.base.Context.<init>(Context.java:18)
	at vivo.base.Context.getInstance(Context.java:28)
	at vivo.base.ScreenshotHandler.takeScreenshot(ScreenshotHandler.java:24)
	at vivo.test.login.LoginPf.testLogar(LoginPf.java:42)
	at sun.reflect.NativeMethodAccessorImpl.invoke0(Native Method)
	at sun.reflect.NativeMethodAccessorImpl.invoke(NativeMethodAccessorImpl.java:62)
	at sun.reflect.DelegatingMethodAccessorImpl.invoke(DelegatingMethodAccessorImpl.java:43)
	at java.lang.reflect.Method.invoke(Method.java:498)
	at org.junit.runners.model.FrameworkMethod$1.runReflectiveCall(FrameworkMethod.java:50)
	at org.junit.internal.runners.model.ReflectiveCallable.run(ReflectiveCallable.java:12)
	at org.junit.runners.model.FrameworkMethod.invokeExplosively(FrameworkMethod.java:47)
	at org.junit.internal.runners.statements.InvokeMethod.evaluate(InvokeMethod.java:17)
	at org.junit.internal.runners.statements.RunAfters.evaluate(RunAfters.java:27)
	at org.junit.runners.ParentRunner.runLeaf(ParentRunner.java:325)
	at org.junit.runners.BlockJUnit4ClassRunner.runChild(BlockJUnit4ClassRunner.java:78)
	at org.junit.runners.BlockJUnit4ClassRunner.runChild(BlockJUnit4ClassRunner.java:57)
	at org.junit.runners.ParentRunner$3.run(ParentRunner.java:290)
	at org.junit.runners.ParentRunner$1.schedule(ParentRunner.java:71)
	at org.junit.runners.ParentRunner.runChildren(ParentRunner.java:288)
	at org.junit.runners.ParentRunner.access$000(ParentRunner.java:58)
	at org.junit.runners.ParentRunner$2.evaluate(ParentRunner.java:268)
	at org.junit.internal.runners.statements.RunBefores.evaluate(RunBefores.java:26)
	at org.junit.runners.ParentRunner.run(ParentRunner.java:363)
	at org.eclipse.jdt.internal.junit4.runner.JUnit4TestReference.run(JUnit4TestReference.java:86)
	at org.eclipse.jdt.internal.junit.runner.TestExecution.run(TestExecution.java:38)
	at org.eclipse.jdt.internal.junit.runner.RemoteTestRunner.runTests(RemoteTestRunner.java:459)
	at org.eclipse.jdt.internal.junit.runner.RemoteTestRunner.runTests(RemoteTestRunner.java:678)
	at org.eclipse.jdt.internal.junit.runner.RemoteTestRunner.run(RemoteTestRunner.java:382)
	at org.eclipse.jdt.internal.junit.runner.RemoteTestRunner.main(RemoteTestRunner.java:192)
2017-05-22 13:18:14,134  INFO [main] Screenshot: D:\Teste_Ambiente\integration-test\null\screenshot-2017.05.22-131814.png
2017-05-22 13:18:14,355  INFO [main] TST - Preenchendo estado
2017-05-22 13:18:14,355  INFO [main] TST - Preenchendo estado
2017-05-22 13:18:14,654  INFO [main] TST - Selecionando estado
2017-05-22 13:18:14,654  INFO [main] TST - Selecionando estado
2017-05-22 13:18:16,399  INFO [main] TST - Selecionando opÁ„o 'Sou cliente vivo' 
2017-05-22 13:18:16,399  INFO [main] TST - Selecionando opÁ„o 'Sou cliente vivo' 
2017-05-22 13:19:58,721  INFO [main] TST - Abrindo a tela inicial
2017-05-22 13:19:58,721  INFO [main] TST - Abrindo a tela inicial
2017-05-22 13:20:43,420  INFO [main] ---------------------------------------------------------
2017-05-22 13:20:43,420  INFO [main] 
2017-05-22 13:20:43,420  INFO [main] ---------------------------------------------------------
2017-05-22 13:20:43,420  INFO [main] 
2017-05-22 13:20:43,420  INFO [main] * 22/05/2017 13:20:43 EXECUTANDO => testLogar
2017-05-22 13:20:43,420  INFO [main] 
2017-05-22 13:20:43,420  INFO [main] ---------------------------------------------------------
2017-05-22 13:20:43,420  INFO [main] * 22/05/2017 13:20:43 EXECUTANDO => testLogar
2017-05-22 13:20:43,420  INFO [main] 
2017-05-22 13:20:43,420  INFO [main] ---------------------------------------------------------
2017-05-22 13:20:43,427 ERROR [main] TST - Erro ao tentar carregar o arquivo de configura√ß√µes.
java.io.FileNotFoundException: test.properties (The system cannot find the file specified)
	at java.io.FileInputStream.open0(Native Method)
	at java.io.FileInputStream.open(FileInputStream.java:195)
	at java.io.FileInputStream.<init>(FileInputStream.java:138)
	at vivo.base.Context.getProperties(Context.java:38)
	at vivo.base.Context.<init>(Context.java:18)
	at vivo.base.Context.getInstance(Context.java:28)
	at vivo.base.ScreenshotHandler.takeScreenshot(ScreenshotHandler.java:24)
	at vivo.test.login.LoginPj.antes(LoginPj.java:39)
	at sun.reflect.NativeMethodAccessorImpl.invoke0(Native Method)
	at sun.reflect.NativeMethodAccessorImpl.invoke(NativeMethodAccessorImpl.java:62)
	at sun.reflect.DelegatingMethodAccessorImpl.invoke(DelegatingMethodAccessorImpl.java:43)
	at java.lang.reflect.Method.invoke(Method.java:498)
	at org.junit.runners.model.FrameworkMethod$1.runReflectiveCall(FrameworkMethod.java:50)
	at org.junit.internal.runners.model.ReflectiveCallable.run(ReflectiveCallable.java:12)
	at org.junit.runners.model.FrameworkMethod.invokeExplosively(FrameworkMethod.java:47)
	at org.junit.internal.runners.statements.RunBefores.evaluate(RunBefores.java:24)
	at org.junit.internal.runners.statements.RunAfters.evaluate(RunAfters.java:27)
	at org.junit.runners.ParentRunner.runLeaf(ParentRunner.java:325)
	at org.junit.runners.BlockJUnit4ClassRunner.runChild(BlockJUnit4ClassRunner.java:78)
	at org.junit.runners.BlockJUnit4ClassRunner.runChild(BlockJUnit4ClassRunner.java:57)
	at org.junit.runners.ParentRunner$3.run(ParentRunner.java:290)
	at org.junit.runners.ParentRunner$1.schedule(ParentRunner.java:71)
	at org.junit.runners.ParentRunner.runChildren(ParentRunner.java:288)
	at org.junit.runners.ParentRunner.access$000(ParentRunner.java:58)
	at org.junit.runners.ParentRunner$2.evaluate(ParentRunner.java:268)
	at org.junit.internal.runners.statements.RunBefores.evaluate(RunBefores.java:26)
	at org.junit.runners.ParentRunner.run(ParentRunner.java:363)
	at org.eclipse.jdt.internal.junit4.runner.JUnit4TestReference.run(JUnit4TestReference.java:86)
	at org.eclipse.jdt.internal.junit.runner.TestExecution.run(TestExecution.java:38)
	at org.eclipse.jdt.internal.junit.runner.RemoteTestRunner.runTests(RemoteTestRunner.java:459)
	at org.eclipse.jdt.internal.junit.runner.RemoteTestRunner.runTests(RemoteTestRunner.java:678)
	at org.eclipse.jdt.internal.junit.runner.RemoteTestRunner.run(RemoteTestRunner.java:382)
	at org.eclipse.jdt.internal.junit.runner.RemoteTestRunner.main(RemoteTestRunner.java:192)
2017-05-22 13:20:43,429  INFO [main] Screenshot: D:\Teste_Ambiente\integration-test\null\screenshot-2017.05.22-132043.png
2017-05-22 13:20:43,427 ERROR [main] TST - Erro ao tentar carregar o arquivo de configura√ß√µes.
java.io.FileNotFoundException: test.properties (The system cannot find the file specified)
	at java.io.FileInputStream.open0(Native Method)
	at java.io.FileInputStream.open(FileInputStream.java:195)
	at java.io.FileInputStream.<init>(FileInputStream.java:138)
	at vivo.base.Context.getProperties(Context.java:38)
	at vivo.base.Context.<init>(Context.java:18)
	at vivo.base.Context.getInstance(Context.java:28)
	at vivo.base.ScreenshotHandler.takeScreenshot(ScreenshotHandler.java:24)
	at vivo.test.login.LoginPj.antes(LoginPj.java:39)
	at sun.reflect.NativeMethodAccessorImpl.invoke0(Native Method)
	at sun.reflect.NativeMethodAccessorImpl.invoke(NativeMethodAccessorImpl.java:62)
	at sun.reflect.DelegatingMethodAccessorImpl.invoke(DelegatingMethodAccessorImpl.java:43)
	at java.lang.reflect.Method.invoke(Method.java:498)
	at org.junit.runners.model.FrameworkMethod$1.runReflectiveCall(FrameworkMethod.java:50)
	at org.junit.internal.runners.model.ReflectiveCallable.run(ReflectiveCallable.java:12)
	at org.junit.runners.model.FrameworkMethod.invokeExplosively(FrameworkMethod.java:47)
	at org.junit.internal.runners.statements.RunBefores.evaluate(RunBefores.java:24)
	at org.junit.internal.runners.statements.RunAfters.evaluate(RunAfters.java:27)
	at org.junit.runners.ParentRunner.runLeaf(ParentRunner.java:325)
	at org.junit.runners.BlockJUnit4ClassRunner.runChild(BlockJUnit4ClassRunner.java:78)
	at org.junit.runners.BlockJUnit4ClassRunner.runChild(BlockJUnit4ClassRunner.java:57)
	at org.junit.runners.ParentRunner$3.run(ParentRunner.java:290)
	at org.junit.runners.ParentRunner$1.schedule(ParentRunner.java:71)
	at org.junit.runners.ParentRunner.runChildren(ParentRunner.java:288)
	at org.junit.runners.ParentRunner.access$000(ParentRunner.java:58)
	at org.junit.runners.ParentRunner$2.evaluate(ParentRunner.java:268)
	at org.junit.internal.runners.statements.RunBefores.evaluate(RunBefores.java:26)
	at org.junit.runners.ParentRunner.run(ParentRunner.java:363)
	at org.eclipse.jdt.internal.junit4.runner.JUnit4TestReference.run(JUnit4TestReference.java:86)
	at org.eclipse.jdt.internal.junit.runner.TestExecution.run(TestExecution.java:38)
	at org.eclipse.jdt.internal.junit.runner.RemoteTestRunner.runTests(RemoteTestRunner.java:459)
	at org.eclipse.jdt.internal.junit.runner.RemoteTestRunner.runTests(RemoteTestRunner.java:678)
	at org.eclipse.jdt.internal.junit.runner.RemoteTestRunner.run(RemoteTestRunner.java:382)
	at org.eclipse.jdt.internal.junit.runner.RemoteTestRunner.main(RemoteTestRunner.java:192)
2017-05-22 13:20:43,429  INFO [main] Screenshot: D:\Teste_Ambiente\integration-test\null\screenshot-2017.05.22-132043.png
2017-05-22 13:20:43,693  INFO [main] Screenshot: D:\Teste_Ambiente\integration-test\null\screenshot-2017.05.22-132043.png
2017-05-22 13:20:43,693  INFO [main] Screenshot: D:\Teste_Ambiente\integration-test\null\screenshot-2017.05.22-132043.png
2017-05-22 13:20:43,834  INFO [main] TST - Preenchendo estado
2017-05-22 13:20:43,834  INFO [main] TST - Preenchendo estado
2017-05-22 13:20:44,198  INFO [main] TST - Selecionando estado
2017-05-22 13:20:44,198  INFO [main] TST - Selecionando estado
2017-05-22 13:20:45,894  INFO [main] TST - Selecionando opÁ„o 'Sou cliente vivo' 
2017-05-22 13:20:45,894  INFO [main] TST - Selecionando opÁ„o 'Sou cliente vivo' 
2017-05-22 13:21:31,275  INFO [main] Screenshot: D:\Teste_Ambiente\integration-test\null\screenshot-2017.05.22-132131.png
2017-05-22 13:21:31,275  INFO [main] Screenshot: D:\Teste_Ambiente\integration-test\null\screenshot-2017.05.22-132131.png
2017-05-22 13:21:31,499  INFO [main] TST -Preenchendo Senha
2017-05-22 13:21:31,499  INFO [main] TST -Preenchendo Senha
2017-05-22 13:21:31,809  INFO [main] TST - Clicando no bot„o continuar
2017-05-22 13:21:31,809  INFO [main] TST - Clicando no bot„o continuar
2017-05-22 13:21:33,968  INFO [main] TST -Preenchendo Senha
2017-05-22 13:21:33,968  INFO [main] TST -Preenchendo Senha
2017-05-22 13:21:34,235  INFO [main] Screenshot: D:\Teste_Ambiente\integration-test\null\screenshot-2017.05.22-132134.png
2017-05-22 13:21:34,235  INFO [main] Screenshot: D:\Teste_Ambiente\integration-test\null\screenshot-2017.05.22-132134.png
2017-05-22 13:21:34,434  INFO [main] TST - Clicando no bot„o entrar
2017-05-22 13:21:34,434  INFO [main] TST - Clicando no bot„o entrar
2017-05-22 13:21:36,593  INFO [main] Screenshot: D:\Teste_Ambiente\integration-test\null\screenshot-2017.05.22-132136.png
2017-05-22 13:21:36,593  INFO [main] Screenshot: D:\Teste_Ambiente\integration-test\null\screenshot-2017.05.22-132136.png
2017-05-22 13:22:53,246  INFO [main] TST - Abrindo a tela inicial
2017-05-22 13:22:53,246  INFO [main] TST - Abrindo a tela inicial
2017-05-22 13:23:37,248  INFO [main] ---------------------------------------------------------
2017-05-22 13:23:37,248  INFO [main] 
2017-05-22 13:23:37,248  INFO [main] ---------------------------------------------------------
2017-05-22 13:23:37,248  INFO [main] 
2017-05-22 13:23:37,248  INFO [main] * 22/05/2017 13:23:37 EXECUTANDO => testLogar
2017-05-22 13:23:37,248  INFO [main] 
2017-05-22 13:23:37,248  INFO [main] * 22/05/2017 13:23:37 EXECUTANDO => testLogar
2017-05-22 13:23:37,249  INFO [main] ---------------------------------------------------------
2017-05-22 13:23:37,248  INFO [main] 
2017-05-22 13:23:37,249  INFO [main] ---------------------------------------------------------
2017-05-22 13:23:37,256 ERROR [main] TST - Erro ao tentar carregar o arquivo de configura√ß√µes.
java.io.FileNotFoundException: test.properties (The system cannot find the file specified)
	at java.io.FileInputStream.open0(Native Method)
	at java.io.FileInputStream.open(FileInputStream.java:195)
	at java.io.FileInputStream.<init>(FileInputStream.java:138)
	at vivo.base.Context.getProperties(Context.java:38)
	at vivo.base.Context.<init>(Context.java:18)
	at vivo.base.Context.getInstance(Context.java:28)
	at vivo.base.ScreenshotHandler.takeScreenshot(ScreenshotHandler.java:24)
	at vivo.test.login.LoginPj.antes(LoginPj.java:39)
	at sun.reflect.NativeMethodAccessorImpl.invoke0(Native Method)
	at sun.reflect.NativeMethodAccessorImpl.invoke(NativeMethodAccessorImpl.java:62)
	at sun.reflect.DelegatingMethodAccessorImpl.invoke(DelegatingMethodAccessorImpl.java:43)
	at java.lang.reflect.Method.invoke(Method.java:498)
	at org.junit.runners.model.FrameworkMethod$1.runReflectiveCall(FrameworkMethod.java:50)
	at org.junit.internal.runners.model.ReflectiveCallable.run(ReflectiveCallable.java:12)
	at org.junit.runners.model.FrameworkMethod.invokeExplosively(FrameworkMethod.java:47)
	at org.junit.internal.runners.statements.RunBefores.evaluate(RunBefores.java:24)
	at org.junit.internal.runners.statements.RunAfters.evaluate(RunAfters.java:27)
	at org.junit.runners.ParentRunner.runLeaf(ParentRunner.java:325)
	at org.junit.runners.BlockJUnit4ClassRunner.runChild(BlockJUnit4ClassRunner.java:78)
	at org.junit.runners.BlockJUnit4ClassRunner.runChild(BlockJUnit4ClassRunner.java:57)
	at org.junit.runners.ParentRunner$3.run(ParentRunner.java:290)
	at org.junit.runners.ParentRunner$1.schedule(ParentRunner.java:71)
	at org.junit.runners.ParentRunner.runChildren(ParentRunner.java:288)
	at org.junit.runners.ParentRunner.access$000(ParentRunner.java:58)
	at org.junit.runners.ParentRunner$2.evaluate(ParentRunner.java:268)
	at org.junit.internal.runners.statements.RunBefores.evaluate(RunBefores.java:26)
	at org.junit.runners.ParentRunner.run(ParentRunner.java:363)
	at org.eclipse.jdt.internal.junit4.runner.JUnit4TestReference.run(JUnit4TestReference.java:86)
	at org.eclipse.jdt.internal.junit.runner.TestExecution.run(TestExecution.java:38)
	at org.eclipse.jdt.internal.junit.runner.RemoteTestRunner.runTests(RemoteTestRunner.java:459)
	at org.eclipse.jdt.internal.junit.runner.RemoteTestRunner.runTests(RemoteTestRunner.java:678)
	at org.eclipse.jdt.internal.junit.runner.RemoteTestRunner.run(RemoteTestRunner.java:382)
	at org.eclipse.jdt.internal.junit.runner.RemoteTestRunner.main(RemoteTestRunner.java:192)
2017-05-22 13:23:37,258  INFO [main] Screenshot: D:\Teste_Ambiente\integration-test\null\screenshot-2017.05.22-132337.png
2017-05-22 13:23:37,256 ERROR [main] TST - Erro ao tentar carregar o arquivo de configura√ß√µes.
java.io.FileNotFoundException: test.properties (The system cannot find the file specified)
	at java.io.FileInputStream.open0(Native Method)
	at java.io.FileInputStream.open(FileInputStream.java:195)
	at java.io.FileInputStream.<init>(FileInputStream.java:138)
	at vivo.base.Context.getProperties(Context.java:38)
	at vivo.base.Context.<init>(Context.java:18)
	at vivo.base.Context.getInstance(Context.java:28)
	at vivo.base.ScreenshotHandler.takeScreenshot(ScreenshotHandler.java:24)
	at vivo.test.login.LoginPj.antes(LoginPj.java:39)
	at sun.reflect.NativeMethodAccessorImpl.invoke0(Native Method)
	at sun.reflect.NativeMethodAccessorImpl.invoke(NativeMethodAccessorImpl.java:62)
	at sun.reflect.DelegatingMethodAccessorImpl.invoke(DelegatingMethodAccessorImpl.java:43)
	at java.lang.reflect.Method.invoke(Method.java:498)
	at org.junit.runners.model.FrameworkMethod$1.runReflectiveCall(FrameworkMethod.java:50)
	at org.junit.internal.runners.model.ReflectiveCallable.run(ReflectiveCallable.java:12)
	at org.junit.runners.model.FrameworkMethod.invokeExplosively(FrameworkMethod.java:47)
	at org.junit.internal.runners.statements.RunBefores.evaluate(RunBefores.java:24)
	at org.junit.internal.runners.statements.RunAfters.evaluate(RunAfters.java:27)
	at org.junit.runners.ParentRunner.runLeaf(ParentRunner.java:325)
	at org.junit.runners.BlockJUnit4ClassRunner.runChild(BlockJUnit4ClassRunner.java:78)
	at org.junit.runners.BlockJUnit4ClassRunner.runChild(BlockJUnit4ClassRunner.java:57)
	at org.junit.runners.ParentRunner$3.run(ParentRunner.java:290)
	at org.junit.runners.ParentRunner$1.schedule(ParentRunner.java:71)
	at org.junit.runners.ParentRunner.runChildren(ParentRunner.java:288)
	at org.junit.runners.ParentRunner.access$000(ParentRunner.java:58)
	at org.junit.runners.ParentRunner$2.evaluate(ParentRunner.java:268)
	at org.junit.internal.runners.statements.RunBefores.evaluate(RunBefores.java:26)
	at org.junit.runners.ParentRunner.run(ParentRunner.java:363)
	at org.eclipse.jdt.internal.junit4.runner.JUnit4TestReference.run(JUnit4TestReference.java:86)
	at org.eclipse.jdt.internal.junit.runner.TestExecution.run(TestExecution.java:38)
	at org.eclipse.jdt.internal.junit.runner.RemoteTestRunner.runTests(RemoteTestRunner.java:459)
	at org.eclipse.jdt.internal.junit.runner.RemoteTestRunner.runTests(RemoteTestRunner.java:678)
	at org.eclipse.jdt.internal.junit.runner.RemoteTestRunner.run(RemoteTestRunner.java:382)
	at org.eclipse.jdt.internal.junit.runner.RemoteTestRunner.main(RemoteTestRunner.java:192)
2017-05-22 13:23:37,258  INFO [main] Screenshot: D:\Teste_Ambiente\integration-test\null\screenshot-2017.05.22-132337.png
2017-05-22 13:25:49,894  INFO [main] TST - Abrindo a tela inicial
2017-05-22 13:25:49,894  INFO [main] TST - Abrindo a tela inicial
2017-05-22 13:26:37,189  INFO [main] ---------------------------------------------------------
2017-05-22 13:26:37,189  INFO [main] 
2017-05-22 13:26:37,189  INFO [main] ---------------------------------------------------------
2017-05-22 13:26:37,189  INFO [main] 
2017-05-22 13:26:37,189  INFO [main] * 22/05/2017 13:26:37 EXECUTANDO => testLogar
2017-05-22 13:26:37,190  INFO [main] 
2017-05-22 13:26:37,190  INFO [main] ---------------------------------------------------------
2017-05-22 13:26:37,189  INFO [main] * 22/05/2017 13:26:37 EXECUTANDO => testLogar
2017-05-22 13:26:37,190  INFO [main] 
2017-05-22 13:26:37,190  INFO [main] ---------------------------------------------------------
2017-05-22 13:26:37,194  INFO [main] Screenshot: D:\Teste_Ambiente\integration-test\null\screenshot-2017.05.22-132637.png
2017-05-22 13:26:37,194  INFO [main] Screenshot: D:\Teste_Ambiente\integration-test\null\screenshot-2017.05.22-132637.png
2017-05-22 14:45:53,941  INFO [main] TST - Abrindo a tela inicial
2017-05-22 14:45:53,941  INFO [main] TST - Abrindo a tela inicial
2017-05-22 14:46:38,262  INFO [main] ---------------------------------------------------------
2017-05-22 14:46:38,263  INFO [main] 
2017-05-22 14:46:38,262  INFO [main] ---------------------------------------------------------
2017-05-22 14:46:38,263  INFO [main] 
2017-05-22 14:46:38,263  INFO [main] * 22/05/2017 14:46:38 EXECUTANDO => testLogar
2017-05-22 14:46:38,263  INFO [main] 
2017-05-22 14:46:38,263  INFO [main] * 22/05/2017 14:46:38 EXECUTANDO => testLogar
2017-05-22 14:46:38,263  INFO [main] ---------------------------------------------------------
2017-05-22 14:46:38,263  INFO [main] 
2017-05-22 14:46:38,263  INFO [main] ---------------------------------------------------------
2017-05-22 14:46:38,268  INFO [main] Screenshot: D:\Teste_Ambiente\integration-test\null\screenshot-2017.05.22-144638.png
2017-05-22 14:46:38,268  INFO [main] Screenshot: D:\Teste_Ambiente\integration-test\null\screenshot-2017.05.22-144638.png
2017-05-22 14:50:19,469  INFO [main] TST - Abrindo a tela inicial
2017-05-22 14:50:19,469  INFO [main] TST - Abrindo a tela inicial
2017-05-22 14:51:17,111  INFO [main] ---------------------------------------------------------
2017-05-22 14:51:17,111  INFO [main] 
2017-05-22 14:51:17,111  INFO [main] ---------------------------------------------------------
2017-05-22 14:51:17,111  INFO [main] 
2017-05-22 14:51:17,113  INFO [main] * 22/05/2017 14:51:17 EXECUTANDO => testLogar
2017-05-22 14:51:17,113  INFO [main] 
2017-05-22 14:51:17,113  INFO [main] ---------------------------------------------------------
2017-05-22 14:51:17,113  INFO [main] * 22/05/2017 14:51:17 EXECUTANDO => testLogar
2017-05-22 14:51:17,113  INFO [main] 
2017-05-22 14:51:17,113  INFO [main] ---------------------------------------------------------
2017-05-22 14:51:17,120  INFO [main] Screenshot: D:\Teste_Ambiente\integration-test\null\screenshot-2017.05.22-145117.png
2017-05-22 14:51:17,120  INFO [main] Screenshot: D:\Teste_Ambiente\integration-test\null\screenshot-2017.05.22-145117.png
2017-05-22 14:51:17,386  INFO [main] Screenshot: D:\Teste_Ambiente\integration-test\null\screenshot-2017.05.22-145117.png
2017-05-22 14:51:17,386  INFO [main] Screenshot: D:\Teste_Ambiente\integration-test\null\screenshot-2017.05.22-145117.png
2017-05-22 14:51:17,540  INFO [main] TST - Preenchendo estado
2017-05-22 14:51:17,540  INFO [main] TST - Preenchendo estado
2017-05-22 14:51:17,850  INFO [main] TST - Selecionando estado
2017-05-22 14:51:17,850  INFO [main] TST - Selecionando estado
2017-05-22 14:51:19,542  INFO [main] TST - Selecionando opÁ„o 'Sou cliente vivo' 
2017-05-22 14:51:19,542  INFO [main] TST - Selecionando opÁ„o 'Sou cliente vivo' 
2017-05-22 14:52:05,209  INFO [main] Screenshot: D:\Teste_Ambiente\integration-test\null\screenshot-2017.05.22-145205.png
2017-05-22 14:52:05,209  INFO [main] Screenshot: D:\Teste_Ambiente\integration-test\null\screenshot-2017.05.22-145205.png
2017-05-22 14:52:05,403  INFO [main] TST -Preenchendo Senha
2017-05-22 14:52:05,403  INFO [main] TST -Preenchendo Senha
2017-05-22 14:52:05,695  INFO [main] TST - Clicando no bot„o continuar
2017-05-22 14:52:05,695  INFO [main] TST - Clicando no bot„o continuar
2017-05-22 14:52:07,856  INFO [main] TST -Preenchendo Senha
2017-05-22 14:52:07,856  INFO [main] TST -Preenchendo Senha
2017-05-22 14:52:08,125  INFO [main] Screenshot: D:\Teste_Ambiente\integration-test\null\screenshot-2017.05.22-145208.png
2017-05-22 14:52:08,125  INFO [main] Screenshot: D:\Teste_Ambiente\integration-test\null\screenshot-2017.05.22-145208.png
2017-05-22 14:52:08,341  INFO [main] TST - Clicando no bot„o entrar
2017-05-22 14:52:08,341  INFO [main] TST - Clicando no bot„o entrar
2017-05-22 14:52:10,496  INFO [main] Screenshot: D:\Teste_Ambiente\integration-test\null\screenshot-2017.05.22-145210.png
2017-05-22 14:52:10,496  INFO [main] Screenshot: D:\Teste_Ambiente\integration-test\null\screenshot-2017.05.22-145210.png
